#
# There is insufficient memory for the Java Runtime Environment to continue.
# Native memory allocation (malloc) failed to allocate 629568 bytes for Chunk::new
# Possible reasons:
#   The system is out of physical RAM or swap space
#   The process is running with CompressedOops enabled, and the Java Heap may be blocking the growth of the native heap
# Possible solutions:
#   Reduce memory load on the system
#   Increase physical memory or swap space
#   Check if swap backing store is full
#   Decrease Java heap size (-Xmx/-Xms)
#   Decrease number of Java threads
#   Decrease Java thread stack sizes (-Xss)
#   Set larger code cache with -XX:ReservedCodeCacheSize=
#   JVM is running with Unscaled Compressed Oops mode in which the Java heap is
#     placed in the first 4GB address space. The Java Heap base address is the
#     maximum limit for the native heap growth. Please use -XX:HeapBaseMinAddress
#     to set the Java Heap base and to place the Java Heap above 4GB virtual address.
# This output file may be truncated or incomplete.
#
#  Out of Memory Error (arena.cpp:184), pid=12228, tid=12212
#
# JRE version: OpenJDK Runtime Environment Temurin-19.0.2+7 (19.0.2+7) (build 19.0.2+7)
# Java VM: OpenJDK 64-Bit Server VM Temurin-19.0.2+7 (19.0.2+7, mixed mode, sharing, tiered, compressed oops, compressed class ptrs, g1 gc, windows-amd64)
# No core dump will be written. Minidumps are not enabled by default on client versions of Windows
#

---------------  S U M M A R Y ------------

Command Line: --add-modules=ALL-SYSTEM --add-opens=java.base/java.util=ALL-UNNAMED --add-opens=java.base/java.lang=ALL-UNNAMED -Declipse.application=org.python.pydev.pydev_lsp.application -Dosgi.bundles.defaultStartLevel=4 -Declipse.product=org.python.pydev.pydev_lsp.product -Xmx1G -XX:+UseG1GC -XX:+UseStringDeduplication c:\Users\rucke\.vscode\extensions\fabioz.vscode-pydev-0.15.2\server\plugins\org.eclipse.equinox.launcher_1.6.700.v20240213-1244.jar -configuration c:\Users\rucke\.vscode\extensions\fabioz.vscode-pydev-0.15.2\server\config_win -data c:\Users\rucke\AppData\Roaming\Code\User\workspaceStorage\071a42ecfec03e12a70c41532f76e50c\fabioz.vscode-pydev\pydev_ws

Host: AMD Ryzen 5 4600H with Radeon Graphics         , 12 cores, 7G,  Windows 11 , 64 bit Build 26100 (10.0.26100.3863)
Time: Sun Apr 20 13:48:49 2025 Central Daylight Time elapsed time: 885.101497 seconds (0d 0h 14m 45s)

---------------  T H R E A D  ---------------

Current thread (0x000001f5d21dafb0):  JavaThread "C2 CompilerThread0" daemon [_thread_in_native, id=12212, stack(0x000000b06aa00000,0x000000b06ab00000)]


Current CompileTask:
C2: 885101 6491       4       java.util.TimSort::sort (229 bytes)

Stack: [0x000000b06aa00000,0x000000b06ab00000]
Native frames: (J=compiled Java code, j=interpreted, Vv=VM code, C=native code)
V  [jvm.dll+0x6e9e1a]
V  [jvm.dll+0x8a36c0]
V  [jvm.dll+0x8a50ae]
V  [jvm.dll+0x8a5763]
V  [jvm.dll+0x27bcdf]
V  [jvm.dll+0xc221f]
V  [jvm.dll+0xc2595]
V  [jvm.dll+0x3b7d9b]
V  [jvm.dll+0x3815f1]
V  [jvm.dll+0x380a9a]
V  [jvm.dll+0x2452db]
V  [jvm.dll+0x244671]
V  [jvm.dll+0x1cf4b1]
V  [jvm.dll+0x254229]
V  [jvm.dll+0x252418]
V  [jvm.dll+0x85403d]
V  [jvm.dll+0x84de3a]
V  [jvm.dll+0x6e8abb]
C  [ucrtbase.dll+0x37b0]
C  [KERNEL32.DLL+0x2e8d7]
C  [ntdll.dll+0x9c5dc]


---------------  P R O C E S S  ---------------

Threads class SMR info:
_java_thread_list=0x000001f5d8cfb050, length=26, elements={
0x000001f5b7d94a70, 0x000001f5d21bc160, 0x000001f5d21bd7a0, 0x000001f5d21c4ff0,
0x000001f5d21c5920, 0x000001f5d21c6f60, 0x000001f5d21d16c0, 0x000001f5d21dafb0,
0x000001f5d21e0a80, 0x000001f5d21e6580, 0x000001f5d64d3170, 0x000001f5d65595f0,
0x000001f5d6bb0b40, 0x000001f5d6b2e130, 0x000001f5d6b2dbe0, 0x000001f5d6b30110,
0x000001f5d6736080, 0x000001f5d67340a0, 0x000001f5d67365d0, 0x000001f5d67355e0,
0x000001f5d6734b40, 0x000001f5d6733600, 0x000001f5d67375c0, 0x000001f5d6738060,
0x000001f5d6737070, 0x000001f5d6733b50
}

Java Threads: ( => current thread )
  0x000001f5b7d94a70 JavaThread "main" [_thread_blocked, id=1936, stack(0x000000b069c00000,0x000000b069d00000)]
  0x000001f5d21bc160 JavaThread "Reference Handler" daemon [_thread_blocked, id=14320, stack(0x000000b06a400000,0x000000b06a500000)]
  0x000001f5d21bd7a0 JavaThread "Finalizer" daemon [_thread_blocked, id=11328, stack(0x000000b06a500000,0x000000b06a600000)]
  0x000001f5d21c4ff0 JavaThread "Signal Dispatcher" daemon [_thread_blocked, id=9556, stack(0x000000b06a600000,0x000000b06a700000)]
  0x000001f5d21c5920 JavaThread "Attach Listener" daemon [_thread_blocked, id=6536, stack(0x000000b06a700000,0x000000b06a800000)]
  0x000001f5d21c6f60 JavaThread "Service Thread" daemon [_thread_blocked, id=12512, stack(0x000000b06a800000,0x000000b06a900000)]
  0x000001f5d21d16c0 JavaThread "Monitor Deflation Thread" daemon [_thread_blocked, id=14752, stack(0x000000b06a900000,0x000000b06aa00000)]
=>0x000001f5d21dafb0 JavaThread "C2 CompilerThread0" daemon [_thread_in_native, id=12212, stack(0x000000b06aa00000,0x000000b06ab00000)]
  0x000001f5d21e0a80 JavaThread "C1 CompilerThread0" daemon [_thread_blocked, id=9436, stack(0x000000b06ab00000,0x000000b06ac00000)]
  0x000001f5d21e6580 JavaThread "Sweeper thread" daemon [_thread_blocked, id=17136, stack(0x000000b06ac00000,0x000000b06ad00000)]
  0x000001f5d64d3170 JavaThread "Common-Cleaner" daemon [_thread_blocked, id=7356, stack(0x000000b06ad00000,0x000000b06ae00000)]
  0x000001f5d65595f0 JavaThread "Notification Thread" daemon [_thread_blocked, id=9508, stack(0x000000b06ae00000,0x000000b06af00000)]
  0x000001f5d6bb0b40 JavaThread "Active Thread: Equinox Container: 07edbf28-9e65-458a-b5ce-3e347548e950" [_thread_blocked, id=2640, stack(0x000000b06b700000,0x000000b06b800000)]
  0x000001f5d6b2e130 JavaThread "Framework Event Dispatcher: Equinox Container: 07edbf28-9e65-458a-b5ce-3e347548e950" daemon [_thread_blocked, id=8824, stack(0x000000b06c100000,0x000000b06c200000)]
  0x000001f5d6b2dbe0 JavaThread "Start Level: Equinox Container: 07edbf28-9e65-458a-b5ce-3e347548e950" daemon [_thread_blocked, id=5952, stack(0x000000b06c200000,0x000000b06c300000)]
  0x000001f5d6b30110 JavaThread "Refresh Thread: Equinox Container: 07edbf28-9e65-458a-b5ce-3e347548e950" daemon [_thread_blocked, id=14660, stack(0x000000b06c300000,0x000000b06c400000)]
  0x000001f5d6736080 JavaThread "SCR Component Actor" daemon [_thread_blocked, id=14212, stack(0x000000b06b000000,0x000000b06b100000)]
  0x000001f5d67340a0 JavaThread "Worker-JM" [_thread_blocked, id=1268, stack(0x000000b06cb00000,0x000000b06cc00000)]
  0x000001f5d67365d0 JavaThread "Worker-0" [_thread_blocked, id=9788, stack(0x000000b06cc00000,0x000000b06cd00000)]
  0x000001f5d67355e0 JavaThread "Thread-2" daemon [_thread_blocked, id=17052, stack(0x000000b06d000000,0x000000b06d100000)]
  0x000001f5d6734b40 JavaThread "pool-2-thread-1" [_thread_in_native, id=8708, stack(0x000000b06d200000,0x000000b06d300000)]
  0x000001f5d6733600 JavaThread "pool-1-thread-1" [_thread_in_native, id=10748, stack(0x000000b06d300000,0x000000b06d400000)]
  0x000001f5d67375c0 JavaThread "Shell reader (stdout)" daemon [_thread_in_native, id=4564, stack(0x000000b06b600000,0x000000b06b700000)]
  0x000001f5d6738060 JavaThread "Shell reader (stderr)" daemon [_thread_in_native, id=5968, stack(0x000000b06c400000,0x000000b06c500000)]
  0x000001f5d6737070 JavaThread "Worker-9" [_thread_blocked, id=7744, stack(0x000000b069900000,0x000000b069a00000)]
  0x000001f5d6733b50 JavaThread "Worker-10" [_thread_blocked, id=16968, stack(0x000000b06b100000,0x000000b06b200000)]

Other Threads:
  0x000001f5d219c6b0 VMThread "VM Thread" [stack: 0x000000b06a300000,0x000000b06a400000] [id=4952]
  0x000001f5d655ab40 WatcherThread "VM Periodic Task Thread" [stack: 0x000000b06af00000,0x000000b06b000000] [id=11372]
  0x000001f5b7dd9830 WorkerThread "GC Thread#0" [stack: 0x000000b069d00000,0x000000b069e00000] [id=9948]
  0x000001f5d6b1ebf0 WorkerThread "GC Thread#1" [stack: 0x000000b06b800000,0x000000b06b900000] [id=8812]
  0x000001f5d6b92880 WorkerThread "GC Thread#2" [stack: 0x000000b06b900000,0x000000b06ba00000] [id=17316]
  0x000001f5d6b92e20 WorkerThread "GC Thread#3" [stack: 0x000000b06ba00000,0x000000b06bb00000] [id=2476]
  0x000001f5d6b925b0 WorkerThread "GC Thread#4" [stack: 0x000000b06bb00000,0x000000b06bc00000] [id=3888]
  0x000001f5d6b91d40 WorkerThread "GC Thread#5" [stack: 0x000000b06bc00000,0x000000b06bd00000] [id=6996]
  0x000001f5d6b92010 WorkerThread "GC Thread#6" [stack: 0x000000b06bd00000,0x000000b06be00000] [id=7200]
  0x000001f5d6b93960 WorkerThread "GC Thread#7" [stack: 0x000000b06be00000,0x000000b06bf00000] [id=9876]
  0x000001f5d6b92b50 WorkerThread "GC Thread#8" [stack: 0x000000b06bf00000,0x000000b06c000000] [id=16468]
  0x000001f5d6b930f0 WorkerThread "GC Thread#9" [stack: 0x000000b06c000000,0x000000b06c100000] [id=8024]
  0x000001f5b7de26a0 ConcurrentGCThread "G1 Main Marker" [stack: 0x000000b069e00000,0x000000b069f00000] [id=6816]
  0x000001f5b7de2fe0 WorkerThread "G1 Conc#0" [stack: 0x000000b069f00000,0x000000b06a000000] [id=6444]
  0x000001f5d6f93f70 WorkerThread "G1 Conc#1" [stack: 0x000000b06d100000,0x000000b06d200000] [id=13220]
  0x000001f5d6f94240 WorkerThread "G1 Conc#2" [stack: 0x000000b06d400000,0x000000b06d500000] [id=17320]
  0x000001f5b7e4e870 ConcurrentGCThread "G1 Refine#0" [stack: 0x000000b06a000000,0x000000b06a100000] [id=8372]
  0x000001f5d2058060 ConcurrentGCThread "G1 Service" [stack: 0x000000b06a100000,0x000000b06a200000] [id=12832]
  0x000001f5d2199970 ConcurrentGCThread "StringDedupProcessor" [stack: 0x000000b06a200000,0x000000b06a300000] [id=3920]

Threads with active compile tasks:
C2 CompilerThread0   885151 6491       4       java.util.TimSort::sort (229 bytes)

VM state: not at safepoint (normal execution)

VM Mutex/Monitor currently owned by a thread: None

Heap address: 0x00000000c0000000, size: 1024 MB, Compressed Oops mode: 32-bit

CDS archive(s) mapped at: [0x0000000800000000-0x0000000800ad0000-0x0000000800ad0000), size 11337728, SharedBaseAddress: 0x0000000800000000, ArchiveRelocationMode: 0.
Compressed class space mapped at: 0x0000000800c00000-0x0000000840c00000, reserved size: 1073741824
Narrow klass base: 0x0000000800000000, Narrow klass shift: 0, Narrow klass range: 0x100000000

GC Precious Log:
 CardTable entry size: 512
 Card Set container configuration: InlinePtr #cards 5 size 8 Array Of Cards #cards 12 size 40 Howl #buckets 4 coarsen threshold 1843 Howl Bitmap #cards 512 size 80 coarsen threshold 460 Card regions per heap region 1 cards per card region 2048
 CPUs: 12 total, 12 available
 Memory: 7598M
 Large Page Support: Disabled
 NUMA Support: Disabled
 Compressed Oops: Enabled (32-bit)
 Heap Region Size: 1M
 Heap Min Capacity: 8M
 Heap Initial Capacity: 120M
 Heap Max Capacity: 1G
 Pre-touch: Disabled
 Parallel Workers: 10
 Concurrent Workers: 3
 Concurrent Refinement Workers: 10
 Periodic GC: Disabled
 String Deduplication is enabled

Heap:
 garbage-first heap   total 218112K, used 110135K [0x00000000c0000000, 0x0000000100000000)
  region size 1024K, 29 young (29696K), 2 survivors (2048K)
 Metaspace       used 28281K, committed 29120K, reserved 1114112K
  class space    used 2820K, committed 3200K, reserved 1048576K

Heap Regions: E=young(eden), S=young(survivor), O=old, HS=humongous(starts), HC=humongous(continues), CS=collection set, F=free, OA=open archive, CA=closed archive, TAMS=top-at-mark-start (previous, next)
|   0|0x00000000c0000000, 0x00000000c0100000, 0x00000000c0100000|100%| O|  |TAMS 0x00000000c0100000, 0x00000000c0100000| Untracked 
|   1|0x00000000c0100000, 0x00000000c0200000, 0x00000000c0200000|100%| O|  |TAMS 0x00000000c0200000, 0x00000000c0200000| Untracked 
|   2|0x00000000c0200000, 0x00000000c0300000, 0x00000000c0300000|100%| O|  |TAMS 0x00000000c0300000, 0x00000000c0300000| Untracked 
|   3|0x00000000c0300000, 0x00000000c0400000, 0x00000000c0400000|100%| O|  |TAMS 0x00000000c0400000, 0x00000000c0400000| Untracked 
|   4|0x00000000c0400000, 0x00000000c0500000, 0x00000000c0500000|100%| O|  |TAMS 0x00000000c0400000, 0x00000000c0500000| Untracked 
|   5|0x00000000c0500000, 0x00000000c0600000, 0x00000000c0600000|100%| O|  |TAMS 0x00000000c0500000, 0x00000000c0600000| Untracked 
|   6|0x00000000c0600000, 0x00000000c0700000, 0x00000000c0700000|100%| O|  |TAMS 0x00000000c0600000, 0x00000000c0700000| Untracked 
|   7|0x00000000c0700000, 0x00000000c0800000, 0x00000000c0800000|100%| O|  |TAMS 0x00000000c0700000, 0x00000000c0800000| Untracked 
|   8|0x00000000c0800000, 0x00000000c0900000, 0x00000000c0900000|100%| O|  |TAMS 0x00000000c0800000, 0x00000000c0900000| Untracked 
|   9|0x00000000c0900000, 0x00000000c0a00000, 0x00000000c0a00000|100%| O|  |TAMS 0x00000000c0900000, 0x00000000c0a00000| Untracked 
|  10|0x00000000c0a00000, 0x00000000c0b00000, 0x00000000c0b00000|100%| O|  |TAMS 0x00000000c0a00000, 0x00000000c0b00000| Untracked 
|  11|0x00000000c0b00000, 0x00000000c0c00000, 0x00000000c0c00000|100%| O|  |TAMS 0x00000000c0b00000, 0x00000000c0c00000| Untracked 
|  12|0x00000000c0c00000, 0x00000000c0d00000, 0x00000000c0d00000|100%| O|  |TAMS 0x00000000c0c00000, 0x00000000c0d00000| Untracked 
|  13|0x00000000c0d00000, 0x00000000c0e00000, 0x00000000c0e00000|100%| O|  |TAMS 0x00000000c0d00000, 0x00000000c0e00000| Untracked 
|  14|0x00000000c0e00000, 0x00000000c0f00000, 0x00000000c0f00000|100%| O|  |TAMS 0x00000000c0e00000, 0x00000000c0f00000| Untracked 
|  15|0x00000000c0f00000, 0x00000000c1000000, 0x00000000c1000000|100%| O|  |TAMS 0x00000000c0f00000, 0x00000000c1000000| Untracked 
|  16|0x00000000c1000000, 0x00000000c1100000, 0x00000000c1100000|100%| O|  |TAMS 0x00000000c1000000, 0x00000000c1000000| Untracked 
|  17|0x00000000c1100000, 0x00000000c1200000, 0x00000000c1200000|100%| O|  |TAMS 0x00000000c1100000, 0x00000000c1200000| Untracked 
|  18|0x00000000c1200000, 0x00000000c1300000, 0x00000000c1300000|100%| O|  |TAMS 0x00000000c1200000, 0x00000000c1300000| Untracked 
|  19|0x00000000c1300000, 0x00000000c1400000, 0x00000000c1400000|100%| O|  |TAMS 0x00000000c1300000, 0x00000000c1400000| Untracked 
|  20|0x00000000c1400000, 0x00000000c1500000, 0x00000000c1500000|100%| O|  |TAMS 0x00000000c1400000, 0x00000000c1500000| Untracked 
|  21|0x00000000c1500000, 0x00000000c1600000, 0x00000000c1600000|100%| O|  |TAMS 0x00000000c1500000, 0x00000000c1600000| Untracked 
|  22|0x00000000c1600000, 0x00000000c1700000, 0x00000000c1700000|100%| O|  |TAMS 0x00000000c1600000, 0x00000000c1700000| Untracked 
|  23|0x00000000c1700000, 0x00000000c1800000, 0x00000000c1800000|100%| O|  |TAMS 0x00000000c1700000, 0x00000000c1800000| Untracked 
|  24|0x00000000c1800000, 0x00000000c1900000, 0x00000000c1900000|100%| O|  |TAMS 0x00000000c1800000, 0x00000000c1900000| Untracked 
|  25|0x00000000c1900000, 0x00000000c1a00000, 0x00000000c1a00000|100%| O|  |TAMS 0x00000000c1a00000, 0x00000000c1a00000| Untracked 
|  26|0x00000000c1a00000, 0x00000000c1b00000, 0x00000000c1b00000|100%| O|  |TAMS 0x00000000c1b00000, 0x00000000c1b00000| Untracked 
|  27|0x00000000c1b00000, 0x00000000c1c00000, 0x00000000c1c00000|100%| O|  |TAMS 0x00000000c1c00000, 0x00000000c1c00000| Untracked 
|  28|0x00000000c1c00000, 0x00000000c1d00000, 0x00000000c1d00000|100%| O|  |TAMS 0x00000000c1d00000, 0x00000000c1d00000| Untracked 
|  29|0x00000000c1d00000, 0x00000000c1e00000, 0x00000000c1e00000|100%| O|  |TAMS 0x00000000c1e00000, 0x00000000c1e00000| Untracked 
|  30|0x00000000c1e00000, 0x00000000c1f00000, 0x00000000c1f00000|100%| O|  |TAMS 0x00000000c1f00000, 0x00000000c1f00000| Untracked 
|  31|0x00000000c1f00000, 0x00000000c2000000, 0x00000000c2000000|100%| O|  |TAMS 0x00000000c2000000, 0x00000000c2000000| Untracked 
|  32|0x00000000c2000000, 0x00000000c2100000, 0x00000000c2100000|100%| O|  |TAMS 0x00000000c2100000, 0x00000000c2100000| Untracked 
|  33|0x00000000c2100000, 0x00000000c2200000, 0x00000000c2200000|100%| O|  |TAMS 0x00000000c2100000, 0x00000000c2200000| Untracked 
|  34|0x00000000c2200000, 0x00000000c2300000, 0x00000000c2300000|100%| O|  |TAMS 0x00000000c2200000, 0x00000000c2300000| Untracked 
|  35|0x00000000c2300000, 0x00000000c2400000, 0x00000000c2400000|100%| O|  |TAMS 0x00000000c2300000, 0x00000000c2400000| Untracked 
|  36|0x00000000c2400000, 0x00000000c2500000, 0x00000000c2500000|100%| O|  |TAMS 0x00000000c2400000, 0x00000000c2500000| Untracked 
|  37|0x00000000c2500000, 0x00000000c2600000, 0x00000000c2600000|100%| O|  |TAMS 0x00000000c2500000, 0x00000000c2600000| Untracked 
|  38|0x00000000c2600000, 0x00000000c2700000, 0x00000000c2700000|100%| O|  |TAMS 0x00000000c2600000, 0x00000000c2700000| Untracked 
|  39|0x00000000c2700000, 0x00000000c2800000, 0x00000000c2800000|100%| O|  |TAMS 0x00000000c2700000, 0x00000000c2800000| Untracked 
|  40|0x00000000c2800000, 0x00000000c2900000, 0x00000000c2900000|100%| O|  |TAMS 0x00000000c2800000, 0x00000000c2900000| Untracked 
|  41|0x00000000c2900000, 0x00000000c2a00000, 0x00000000c2a00000|100%| O|  |TAMS 0x00000000c2900000, 0x00000000c2a00000| Untracked 
|  42|0x00000000c2a00000, 0x00000000c2b00000, 0x00000000c2b00000|100%| O|  |TAMS 0x00000000c2a00000, 0x00000000c2b00000| Untracked 
|  43|0x00000000c2b00000, 0x00000000c2c00000, 0x00000000c2c00000|100%| O|  |TAMS 0x00000000c2b00000, 0x00000000c2c00000| Untracked 
|  44|0x00000000c2c00000, 0x00000000c2d00000, 0x00000000c2d00000|100%| O|  |TAMS 0x00000000c2c00000, 0x00000000c2d00000| Untracked 
|  45|0x00000000c2d00000, 0x00000000c2e00000, 0x00000000c2e00000|100%| O|  |TAMS 0x00000000c2d00000, 0x00000000c2e00000| Untracked 
|  46|0x00000000c2e00000, 0x00000000c2f00000, 0x00000000c2f00000|100%| O|  |TAMS 0x00000000c2e00000, 0x00000000c2f00000| Untracked 
|  47|0x00000000c2f00000, 0x00000000c3000000, 0x00000000c3000000|100%| O|  |TAMS 0x00000000c2f00000, 0x00000000c3000000| Untracked 
|  48|0x00000000c3000000, 0x00000000c3100000, 0x00000000c3100000|100%| O|  |TAMS 0x00000000c3100000, 0x00000000c3100000| Untracked 
|  49|0x00000000c3100000, 0x00000000c3200000, 0x00000000c3200000|100%| O|  |TAMS 0x00000000c3200000, 0x00000000c3200000| Untracked 
|  50|0x00000000c3200000, 0x00000000c3300000, 0x00000000c3300000|100%| O|  |TAMS 0x00000000c3300000, 0x00000000c3300000| Untracked 
|  51|0x00000000c3300000, 0x00000000c3400000, 0x00000000c3400000|100%| O|  |TAMS 0x00000000c3400000, 0x00000000c3400000| Untracked 
|  52|0x00000000c3400000, 0x00000000c3500000, 0x00000000c3500000|100%| O|  |TAMS 0x00000000c3500000, 0x00000000c3500000| Untracked 
|  53|0x00000000c3500000, 0x00000000c3600000, 0x00000000c3600000|100%| O|  |TAMS 0x00000000c3600000, 0x00000000c3600000| Untracked 
|  54|0x00000000c3600000, 0x00000000c3700000, 0x00000000c3700000|100%| O|  |TAMS 0x00000000c3700000, 0x00000000c3700000| Untracked 
|  55|0x00000000c3700000, 0x00000000c3800000, 0x00000000c3800000|100%| O|  |TAMS 0x00000000c3800000, 0x00000000c3800000| Untracked 
|  56|0x00000000c3800000, 0x00000000c3900000, 0x00000000c3900000|100%| O|  |TAMS 0x00000000c3900000, 0x00000000c3900000| Untracked 
|  57|0x00000000c3900000, 0x00000000c3a00000, 0x00000000c3a00000|100%| O|  |TAMS 0x00000000c3a00000, 0x00000000c3a00000| Untracked 
|  58|0x00000000c3a00000, 0x00000000c3b00000, 0x00000000c3b00000|100%| O|  |TAMS 0x00000000c3b00000, 0x00000000c3b00000| Untracked 
|  59|0x00000000c3b00000, 0x00000000c3c00000, 0x00000000c3c00000|100%| O|  |TAMS 0x00000000c3c00000, 0x00000000c3c00000| Untracked 
|  60|0x00000000c3c00000, 0x00000000c3d00000, 0x00000000c3d00000|100%| O|  |TAMS 0x00000000c3c00000, 0x00000000c3d00000| Untracked 
|  61|0x00000000c3d00000, 0x00000000c3e00000, 0x00000000c3e00000|100%| O|  |TAMS 0x00000000c3d00000, 0x00000000c3e00000| Untracked 
|  62|0x00000000c3e00000, 0x00000000c3f00000, 0x00000000c3f00000|100%| O|  |TAMS 0x00000000c3e00000, 0x00000000c3efb600| Untracked 
|  63|0x00000000c3f00000, 0x00000000c4000000, 0x00000000c4000000|100%|HS|  |TAMS 0x00000000c3f00000, 0x00000000c4000000| Complete 
|  64|0x00000000c4000000, 0x00000000c4100000, 0x00000000c4100000|100%|HC|  |TAMS 0x00000000c4000000, 0x00000000c4100000| Complete 
|  65|0x00000000c4100000, 0x00000000c4200000, 0x00000000c4200000|100%| O|  |TAMS 0x00000000c4100000, 0x00000000c4100000| Untracked 
|  66|0x00000000c4200000, 0x00000000c4300000, 0x00000000c4300000|100%| O|  |TAMS 0x00000000c4200000, 0x00000000c4200000| Untracked 
|  67|0x00000000c4300000, 0x00000000c4400000, 0x00000000c4400000|100%| O|  |TAMS 0x00000000c4300000, 0x00000000c4300000| Untracked 
|  68|0x00000000c4400000, 0x00000000c4500000, 0x00000000c4500000|100%| O|  |TAMS 0x00000000c4400000, 0x00000000c4400000| Untracked 
|  69|0x00000000c4500000, 0x00000000c4600000, 0x00000000c4600000|100%| O|  |TAMS 0x00000000c4500000, 0x00000000c4500000| Untracked 
|  70|0x00000000c4600000, 0x00000000c4700000, 0x00000000c4700000|100%| O|  |TAMS 0x00000000c4600000, 0x00000000c4600000| Untracked 
|  71|0x00000000c4700000, 0x00000000c4800000, 0x00000000c4800000|100%| O|  |TAMS 0x00000000c4700000, 0x00000000c4700000| Untracked 
|  72|0x00000000c4800000, 0x00000000c4900000, 0x00000000c4900000|100%| O|  |TAMS 0x00000000c4800000, 0x00000000c4800000| Untracked 
|  73|0x00000000c4900000, 0x00000000c4a00000, 0x00000000c4a00000|100%| O|  |TAMS 0x00000000c4900000, 0x00000000c4900000| Untracked 
|  74|0x00000000c4a00000, 0x00000000c4b00000, 0x00000000c4b00000|100%| O|  |TAMS 0x00000000c4a00000, 0x00000000c4a00000| Untracked 
|  75|0x00000000c4b00000, 0x00000000c4c00000, 0x00000000c4c00000|100%| O|  |TAMS 0x00000000c4b00000, 0x00000000c4b00000| Untracked 
|  76|0x00000000c4c00000, 0x00000000c4d00000, 0x00000000c4d00000|100%| O|  |TAMS 0x00000000c4c00000, 0x00000000c4c00000| Untracked 
|  77|0x00000000c4d00000, 0x00000000c4e00000, 0x00000000c4e00000|100%| O|  |TAMS 0x00000000c4d00000, 0x00000000c4d00000| Untracked 
|  78|0x00000000c4e00000, 0x00000000c4e8e800, 0x00000000c4f00000| 55%| O|  |TAMS 0x00000000c4e00000, 0x00000000c4e00000| Untracked 
|  79|0x00000000c4f00000, 0x00000000c4f00000, 0x00000000c5000000|  0%| F|  |TAMS 0x00000000c4f00000, 0x00000000c4f00000| Untracked 
|  80|0x00000000c5000000, 0x00000000c5100000, 0x00000000c5100000|100%| O|  |TAMS 0x00000000c5000000, 0x00000000c5000000| Untracked 
|  81|0x00000000c5100000, 0x00000000c5100000, 0x00000000c5200000|  0%| F|  |TAMS 0x00000000c5100000, 0x00000000c5100000| Untracked 
|  82|0x00000000c5200000, 0x00000000c5200000, 0x00000000c5300000|  0%| F|  |TAMS 0x00000000c5200000, 0x00000000c5200000| Untracked 
|  83|0x00000000c5300000, 0x00000000c5300000, 0x00000000c5400000|  0%| F|  |TAMS 0x00000000c5300000, 0x00000000c5300000| Untracked 
|  84|0x00000000c5400000, 0x00000000c5400000, 0x00000000c5500000|  0%| F|  |TAMS 0x00000000c5400000, 0x00000000c5400000| Untracked 
|  85|0x00000000c5500000, 0x00000000c5500000, 0x00000000c5600000|  0%| F|  |TAMS 0x00000000c5500000, 0x00000000c5500000| Untracked 
|  86|0x00000000c5600000, 0x00000000c5600000, 0x00000000c5700000|  0%| F|  |TAMS 0x00000000c5600000, 0x00000000c5600000| Untracked 
|  87|0x00000000c5700000, 0x00000000c5700000, 0x00000000c5800000|  0%| F|  |TAMS 0x00000000c5700000, 0x00000000c5700000| Untracked 
|  88|0x00000000c5800000, 0x00000000c5800000, 0x00000000c5900000|  0%| F|  |TAMS 0x00000000c5800000, 0x00000000c5800000| Untracked 
|  89|0x00000000c5900000, 0x00000000c5900000, 0x00000000c5a00000|  0%| F|  |TAMS 0x00000000c5900000, 0x00000000c5900000| Untracked 
|  90|0x00000000c5a00000, 0x00000000c5a00000, 0x00000000c5b00000|  0%| F|  |TAMS 0x00000000c5a00000, 0x00000000c5a00000| Untracked 
|  91|0x00000000c5b00000, 0x00000000c5b00000, 0x00000000c5c00000|  0%| F|  |TAMS 0x00000000c5b00000, 0x00000000c5b00000| Untracked 
|  92|0x00000000c5c00000, 0x00000000c5c00000, 0x00000000c5d00000|  0%| F|  |TAMS 0x00000000c5c00000, 0x00000000c5c00000| Untracked 
|  93|0x00000000c5d00000, 0x00000000c5d00000, 0x00000000c5e00000|  0%| F|  |TAMS 0x00000000c5d00000, 0x00000000c5d00000| Untracked 
|  94|0x00000000c5e00000, 0x00000000c5e00000, 0x00000000c5f00000|  0%| F|  |TAMS 0x00000000c5e00000, 0x00000000c5e00000| Untracked 
|  95|0x00000000c5f00000, 0x00000000c5f00000, 0x00000000c6000000|  0%| F|  |TAMS 0x00000000c5f00000, 0x00000000c5f00000| Untracked 
|  96|0x00000000c6000000, 0x00000000c6000000, 0x00000000c6100000|  0%| F|  |TAMS 0x00000000c6000000, 0x00000000c6000000| Untracked 
|  97|0x00000000c6100000, 0x00000000c6100000, 0x00000000c6200000|  0%| F|  |TAMS 0x00000000c6100000, 0x00000000c6100000| Untracked 
|  98|0x00000000c6200000, 0x00000000c6200000, 0x00000000c6300000|  0%| F|  |TAMS 0x00000000c6200000, 0x00000000c6200000| Untracked 
|  99|0x00000000c6300000, 0x00000000c6300000, 0x00000000c6400000|  0%| F|  |TAMS 0x00000000c6300000, 0x00000000c6300000| Untracked 
| 100|0x00000000c6400000, 0x00000000c6400000, 0x00000000c6500000|  0%| F|  |TAMS 0x00000000c6400000, 0x00000000c6400000| Untracked 
| 101|0x00000000c6500000, 0x00000000c6500000, 0x00000000c6600000|  0%| F|  |TAMS 0x00000000c6500000, 0x00000000c6500000| Untracked 
| 102|0x00000000c6600000, 0x00000000c6600000, 0x00000000c6700000|  0%| F|  |TAMS 0x00000000c6600000, 0x00000000c6600000| Untracked 
| 103|0x00000000c6700000, 0x00000000c6700000, 0x00000000c6800000|  0%| F|  |TAMS 0x00000000c6700000, 0x00000000c6700000| Untracked 
| 104|0x00000000c6800000, 0x00000000c6800000, 0x00000000c6900000|  0%| F|  |TAMS 0x00000000c6800000, 0x00000000c6800000| Untracked 
| 105|0x00000000c6900000, 0x00000000c6900000, 0x00000000c6a00000|  0%| F|  |TAMS 0x00000000c6900000, 0x00000000c6900000| Untracked 
| 106|0x00000000c6a00000, 0x00000000c6a00000, 0x00000000c6b00000|  0%| F|  |TAMS 0x00000000c6a00000, 0x00000000c6a00000| Untracked 
| 107|0x00000000c6b00000, 0x00000000c6b00000, 0x00000000c6c00000|  0%| F|  |TAMS 0x00000000c6b00000, 0x00000000c6b00000| Untracked 
| 108|0x00000000c6c00000, 0x00000000c6c00000, 0x00000000c6d00000|  0%| F|  |TAMS 0x00000000c6c00000, 0x00000000c6c00000| Untracked 
| 109|0x00000000c6d00000, 0x00000000c6d00000, 0x00000000c6e00000|  0%| F|  |TAMS 0x00000000c6d00000, 0x00000000c6d00000| Untracked 
| 110|0x00000000c6e00000, 0x00000000c6e00000, 0x00000000c6f00000|  0%| F|  |TAMS 0x00000000c6e00000, 0x00000000c6e00000| Untracked 
| 111|0x00000000c6f00000, 0x00000000c6f00000, 0x00000000c7000000|  0%| F|  |TAMS 0x00000000c6f00000, 0x00000000c6f00000| Untracked 
| 112|0x00000000c7000000, 0x00000000c7000000, 0x00000000c7100000|  0%| F|  |TAMS 0x00000000c7000000, 0x00000000c7000000| Untracked 
| 113|0x00000000c7100000, 0x00000000c7100000, 0x00000000c7200000|  0%| F|  |TAMS 0x00000000c7100000, 0x00000000c7100000| Untracked 
| 114|0x00000000c7200000, 0x00000000c7200000, 0x00000000c7300000|  0%| F|  |TAMS 0x00000000c7200000, 0x00000000c7200000| Untracked 
| 115|0x00000000c7300000, 0x00000000c7300000, 0x00000000c7400000|  0%| F|  |TAMS 0x00000000c7300000, 0x00000000c7300000| Untracked 
| 116|0x00000000c7400000, 0x00000000c7400000, 0x00000000c7500000|  0%| F|  |TAMS 0x00000000c7400000, 0x00000000c7400000| Untracked 
| 117|0x00000000c7500000, 0x00000000c7500000, 0x00000000c7600000|  0%| F|  |TAMS 0x00000000c7500000, 0x00000000c7500000| Untracked 
| 118|0x00000000c7600000, 0x00000000c7600000, 0x00000000c7700000|  0%| F|  |TAMS 0x00000000c7600000, 0x00000000c7600000| Untracked 
| 119|0x00000000c7700000, 0x00000000c7700000, 0x00000000c7800000|  0%| F|  |TAMS 0x00000000c7700000, 0x00000000c7700000| Untracked 
| 120|0x00000000c7800000, 0x00000000c7800000, 0x00000000c7900000|  0%| F|  |TAMS 0x00000000c7800000, 0x00000000c7800000| Untracked 
| 121|0x00000000c7900000, 0x00000000c7900000, 0x00000000c7a00000|  0%| F|  |TAMS 0x00000000c7900000, 0x00000000c7900000| Untracked 
| 122|0x00000000c7a00000, 0x00000000c7a00000, 0x00000000c7b00000|  0%| F|  |TAMS 0x00000000c7a00000, 0x00000000c7a00000| Untracked 
| 123|0x00000000c7b00000, 0x00000000c7b00000, 0x00000000c7c00000|  0%| F|  |TAMS 0x00000000c7b00000, 0x00000000c7b00000| Untracked 
| 124|0x00000000c7c00000, 0x00000000c7c00000, 0x00000000c7d00000|  0%| F|  |TAMS 0x00000000c7c00000, 0x00000000c7c00000| Untracked 
| 125|0x00000000c7d00000, 0x00000000c7d00000, 0x00000000c7e00000|  0%| F|  |TAMS 0x00000000c7d00000, 0x00000000c7d00000| Untracked 
| 126|0x00000000c7e00000, 0x00000000c7e00000, 0x00000000c7f00000|  0%| F|  |TAMS 0x00000000c7e00000, 0x00000000c7e00000| Untracked 
| 127|0x00000000c7f00000, 0x00000000c7f00000, 0x00000000c8000000|  0%| F|  |TAMS 0x00000000c7f00000, 0x00000000c7f00000| Untracked 
| 128|0x00000000c8000000, 0x00000000c80ff780, 0x00000000c8100000| 99%| S|CS|TAMS 0x00000000c8000000, 0x00000000c8000000| Complete 
| 129|0x00000000c8100000, 0x00000000c8200000, 0x00000000c8200000|100%| S|CS|TAMS 0x00000000c8100000, 0x00000000c8100000| Complete 
| 130|0x00000000c8200000, 0x00000000c8200000, 0x00000000c8300000|  0%| F|  |TAMS 0x00000000c8200000, 0x00000000c8200000| Untracked 
| 131|0x00000000c8300000, 0x00000000c8300000, 0x00000000c8400000|  0%| F|  |TAMS 0x00000000c8300000, 0x00000000c8300000| Untracked 
| 132|0x00000000c8400000, 0x00000000c8400000, 0x00000000c8500000|  0%| F|  |TAMS 0x00000000c8400000, 0x00000000c8400000| Untracked 
| 133|0x00000000c8500000, 0x00000000c8500000, 0x00000000c8600000|  0%| F|  |TAMS 0x00000000c8500000, 0x00000000c8500000| Untracked 
| 134|0x00000000c8600000, 0x00000000c8600000, 0x00000000c8700000|  0%| F|  |TAMS 0x00000000c8600000, 0x00000000c8600000| Untracked 
| 135|0x00000000c8700000, 0x00000000c8700000, 0x00000000c8800000|  0%| F|  |TAMS 0x00000000c8700000, 0x00000000c8700000| Untracked 
| 136|0x00000000c8800000, 0x00000000c8800000, 0x00000000c8900000|  0%| F|  |TAMS 0x00000000c8800000, 0x00000000c8800000| Untracked 
| 137|0x00000000c8900000, 0x00000000c8900000, 0x00000000c8a00000|  0%| F|  |TAMS 0x00000000c8900000, 0x00000000c8900000| Untracked 
| 138|0x00000000c8a00000, 0x00000000c8a00000, 0x00000000c8b00000|  0%| F|  |TAMS 0x00000000c8a00000, 0x00000000c8a00000| Untracked 
| 139|0x00000000c8b00000, 0x00000000c8b00000, 0x00000000c8c00000|  0%| F|  |TAMS 0x00000000c8b00000, 0x00000000c8b00000| Untracked 
| 140|0x00000000c8c00000, 0x00000000c8c00000, 0x00000000c8d00000|  0%| F|  |TAMS 0x00000000c8c00000, 0x00000000c8c00000| Untracked 
| 141|0x00000000c8d00000, 0x00000000c8d00000, 0x00000000c8e00000|  0%| F|  |TAMS 0x00000000c8d00000, 0x00000000c8d00000| Untracked 
| 142|0x00000000c8e00000, 0x00000000c8e00000, 0x00000000c8f00000|  0%| F|  |TAMS 0x00000000c8e00000, 0x00000000c8e00000| Untracked 
| 143|0x00000000c8f00000, 0x00000000c8f00000, 0x00000000c9000000|  0%| F|  |TAMS 0x00000000c8f00000, 0x00000000c8f00000| Untracked 
| 144|0x00000000c9000000, 0x00000000c9000000, 0x00000000c9100000|  0%| F|  |TAMS 0x00000000c9000000, 0x00000000c9000000| Untracked 
| 145|0x00000000c9100000, 0x00000000c9100000, 0x00000000c9200000|  0%| F|  |TAMS 0x00000000c9100000, 0x00000000c9100000| Untracked 
| 146|0x00000000c9200000, 0x00000000c9200000, 0x00000000c9300000|  0%| F|  |TAMS 0x00000000c9200000, 0x00000000c9200000| Untracked 
| 147|0x00000000c9300000, 0x00000000c9300000, 0x00000000c9400000|  0%| F|  |TAMS 0x00000000c9300000, 0x00000000c9300000| Untracked 
| 148|0x00000000c9400000, 0x00000000c9400000, 0x00000000c9500000|  0%| F|  |TAMS 0x00000000c9400000, 0x00000000c9400000| Untracked 
| 149|0x00000000c9500000, 0x00000000c9500000, 0x00000000c9600000|  0%| F|  |TAMS 0x00000000c9500000, 0x00000000c9500000| Untracked 
| 150|0x00000000c9600000, 0x00000000c9600000, 0x00000000c9700000|  0%| F|  |TAMS 0x00000000c9600000, 0x00000000c9600000| Untracked 
| 151|0x00000000c9700000, 0x00000000c9700000, 0x00000000c9800000|  0%| F|  |TAMS 0x00000000c9700000, 0x00000000c9700000| Untracked 
| 152|0x00000000c9800000, 0x00000000c9800000, 0x00000000c9900000|  0%| F|  |TAMS 0x00000000c9800000, 0x00000000c9800000| Untracked 
| 153|0x00000000c9900000, 0x00000000c9900000, 0x00000000c9a00000|  0%| F|  |TAMS 0x00000000c9900000, 0x00000000c9900000| Untracked 
| 154|0x00000000c9a00000, 0x00000000c9a00000, 0x00000000c9b00000|  0%| F|  |TAMS 0x00000000c9a00000, 0x00000000c9a00000| Untracked 
| 155|0x00000000c9b00000, 0x00000000c9b00000, 0x00000000c9c00000|  0%| F|  |TAMS 0x00000000c9b00000, 0x00000000c9b00000| Untracked 
| 156|0x00000000c9c00000, 0x00000000c9c00000, 0x00000000c9d00000|  0%| F|  |TAMS 0x00000000c9c00000, 0x00000000c9c00000| Untracked 
| 157|0x00000000c9d00000, 0x00000000c9d00000, 0x00000000c9e00000|  0%| F|  |TAMS 0x00000000c9d00000, 0x00000000c9d00000| Untracked 
| 158|0x00000000c9e00000, 0x00000000c9e00000, 0x00000000c9f00000|  0%| F|  |TAMS 0x00000000c9e00000, 0x00000000c9e00000| Untracked 
| 159|0x00000000c9f00000, 0x00000000c9f00000, 0x00000000ca000000|  0%| F|  |TAMS 0x00000000c9f00000, 0x00000000c9f00000| Untracked 
| 160|0x00000000ca000000, 0x00000000ca000000, 0x00000000ca100000|  0%| F|  |TAMS 0x00000000ca000000, 0x00000000ca000000| Untracked 
| 161|0x00000000ca100000, 0x00000000ca100000, 0x00000000ca200000|  0%| F|  |TAMS 0x00000000ca100000, 0x00000000ca100000| Untracked 
| 162|0x00000000ca200000, 0x00000000ca200000, 0x00000000ca300000|  0%| F|  |TAMS 0x00000000ca200000, 0x00000000ca200000| Untracked 
| 163|0x00000000ca300000, 0x00000000ca300000, 0x00000000ca400000|  0%| F|  |TAMS 0x00000000ca300000, 0x00000000ca300000| Untracked 
| 164|0x00000000ca400000, 0x00000000ca400000, 0x00000000ca500000|  0%| F|  |TAMS 0x00000000ca400000, 0x00000000ca400000| Untracked 
| 165|0x00000000ca500000, 0x00000000ca500000, 0x00000000ca600000|  0%| F|  |TAMS 0x00000000ca500000, 0x00000000ca500000| Untracked 
| 166|0x00000000ca600000, 0x00000000ca600000, 0x00000000ca700000|  0%| F|  |TAMS 0x00000000ca600000, 0x00000000ca600000| Untracked 
| 167|0x00000000ca700000, 0x00000000ca700000, 0x00000000ca800000|  0%| F|  |TAMS 0x00000000ca700000, 0x00000000ca700000| Untracked 
| 168|0x00000000ca800000, 0x00000000ca800000, 0x00000000ca900000|  0%| F|  |TAMS 0x00000000ca800000, 0x00000000ca800000| Untracked 
| 169|0x00000000ca900000, 0x00000000ca900000, 0x00000000caa00000|  0%| F|  |TAMS 0x00000000ca900000, 0x00000000ca900000| Untracked 
| 170|0x00000000caa00000, 0x00000000caa00000, 0x00000000cab00000|  0%| F|  |TAMS 0x00000000caa00000, 0x00000000caa00000| Untracked 
| 171|0x00000000cab00000, 0x00000000cab00000, 0x00000000cac00000|  0%| F|  |TAMS 0x00000000cab00000, 0x00000000cab00000| Untracked 
| 172|0x00000000cac00000, 0x00000000cac00000, 0x00000000cad00000|  0%| F|  |TAMS 0x00000000cac00000, 0x00000000cac00000| Untracked 
| 173|0x00000000cad00000, 0x00000000cad00000, 0x00000000cae00000|  0%| F|  |TAMS 0x00000000cad00000, 0x00000000cad00000| Untracked 
| 174|0x00000000cae00000, 0x00000000cae00000, 0x00000000caf00000|  0%| F|  |TAMS 0x00000000cae00000, 0x00000000cae00000| Untracked 
| 175|0x00000000caf00000, 0x00000000caf00000, 0x00000000cb000000|  0%| F|  |TAMS 0x00000000caf00000, 0x00000000caf00000| Untracked 
| 176|0x00000000cb000000, 0x00000000cb000000, 0x00000000cb100000|  0%| F|  |TAMS 0x00000000cb000000, 0x00000000cb000000| Untracked 
| 177|0x00000000cb100000, 0x00000000cb100000, 0x00000000cb200000|  0%| F|  |TAMS 0x00000000cb100000, 0x00000000cb100000| Untracked 
| 178|0x00000000cb200000, 0x00000000cb200000, 0x00000000cb300000|  0%| F|  |TAMS 0x00000000cb200000, 0x00000000cb200000| Untracked 
| 179|0x00000000cb300000, 0x00000000cb300000, 0x00000000cb400000|  0%| F|  |TAMS 0x00000000cb300000, 0x00000000cb300000| Untracked 
| 180|0x00000000cb400000, 0x00000000cb400000, 0x00000000cb500000|  0%| F|  |TAMS 0x00000000cb400000, 0x00000000cb400000| Untracked 
| 181|0x00000000cb500000, 0x00000000cb500000, 0x00000000cb600000|  0%| F|  |TAMS 0x00000000cb500000, 0x00000000cb500000| Untracked 
| 182|0x00000000cb600000, 0x00000000cb600000, 0x00000000cb700000|  0%| F|  |TAMS 0x00000000cb600000, 0x00000000cb600000| Untracked 
| 183|0x00000000cb700000, 0x00000000cb700000, 0x00000000cb800000|  0%| F|  |TAMS 0x00000000cb700000, 0x00000000cb700000| Untracked 
| 184|0x00000000cb800000, 0x00000000cb800000, 0x00000000cb900000|  0%| F|  |TAMS 0x00000000cb800000, 0x00000000cb800000| Untracked 
| 185|0x00000000cb900000, 0x00000000cb900000, 0x00000000cba00000|  0%| F|  |TAMS 0x00000000cb900000, 0x00000000cb900000| Untracked 
| 186|0x00000000cba00000, 0x00000000cbb00000, 0x00000000cbb00000|100%| E|  |TAMS 0x00000000cba00000, 0x00000000cba00000| Complete 
| 187|0x00000000cbb00000, 0x00000000cbc00000, 0x00000000cbc00000|100%| E|CS|TAMS 0x00000000cbb00000, 0x00000000cbb00000| Complete 
| 188|0x00000000cbc00000, 0x00000000cbd00000, 0x00000000cbd00000|100%| E|CS|TAMS 0x00000000cbc00000, 0x00000000cbc00000| Complete 
| 189|0x00000000cbd00000, 0x00000000cbe00000, 0x00000000cbe00000|100%| E|CS|TAMS 0x00000000cbd00000, 0x00000000cbd00000| Complete 
| 190|0x00000000cbe00000, 0x00000000cbf00000, 0x00000000cbf00000|100%| E|CS|TAMS 0x00000000cbe00000, 0x00000000cbe00000| Complete 
| 191|0x00000000cbf00000, 0x00000000cc000000, 0x00000000cc000000|100%| E|CS|TAMS 0x00000000cbf00000, 0x00000000cbf00000| Complete 
| 192|0x00000000cc000000, 0x00000000cc100000, 0x00000000cc100000|100%| E|CS|TAMS 0x00000000cc000000, 0x00000000cc000000| Complete 
| 193|0x00000000cc100000, 0x00000000cc200000, 0x00000000cc200000|100%| E|CS|TAMS 0x00000000cc100000, 0x00000000cc100000| Complete 
| 194|0x00000000cc200000, 0x00000000cc300000, 0x00000000cc300000|100%| E|CS|TAMS 0x00000000cc200000, 0x00000000cc200000| Complete 
| 195|0x00000000cc300000, 0x00000000cc400000, 0x00000000cc400000|100%| E|CS|TAMS 0x00000000cc300000, 0x00000000cc300000| Complete 
| 196|0x00000000cc400000, 0x00000000cc500000, 0x00000000cc500000|100%| E|CS|TAMS 0x00000000cc400000, 0x00000000cc400000| Complete 
| 197|0x00000000cc500000, 0x00000000cc600000, 0x00000000cc600000|100%| E|CS|TAMS 0x00000000cc500000, 0x00000000cc500000| Complete 
| 198|0x00000000cc600000, 0x00000000cc700000, 0x00000000cc700000|100%| E|CS|TAMS 0x00000000cc600000, 0x00000000cc600000| Complete 
| 199|0x00000000cc700000, 0x00000000cc800000, 0x00000000cc800000|100%| E|CS|TAMS 0x00000000cc700000, 0x00000000cc700000| Complete 
| 200|0x00000000cc800000, 0x00000000cc900000, 0x00000000cc900000|100%| E|CS|TAMS 0x00000000cc800000, 0x00000000cc800000| Complete 
| 201|0x00000000cc900000, 0x00000000cca00000, 0x00000000cca00000|100%| E|CS|TAMS 0x00000000cc900000, 0x00000000cc900000| Complete 
| 202|0x00000000cca00000, 0x00000000ccb00000, 0x00000000ccb00000|100%| E|CS|TAMS 0x00000000cca00000, 0x00000000cca00000| Complete 
| 203|0x00000000ccb00000, 0x00000000ccc00000, 0x00000000ccc00000|100%| E|CS|TAMS 0x00000000ccb00000, 0x00000000ccb00000| Complete 
| 204|0x00000000ccc00000, 0x00000000ccd00000, 0x00000000ccd00000|100%| E|CS|TAMS 0x00000000ccc00000, 0x00000000ccc00000| Complete 
| 205|0x00000000ccd00000, 0x00000000cce00000, 0x00000000cce00000|100%| E|CS|TAMS 0x00000000ccd00000, 0x00000000ccd00000| Complete 
| 206|0x00000000cce00000, 0x00000000ccf00000, 0x00000000ccf00000|100%| E|CS|TAMS 0x00000000cce00000, 0x00000000cce00000| Complete 
| 207|0x00000000ccf00000, 0x00000000cd000000, 0x00000000cd000000|100%| E|CS|TAMS 0x00000000ccf00000, 0x00000000ccf00000| Complete 
| 208|0x00000000cd000000, 0x00000000cd100000, 0x00000000cd100000|100%| E|CS|TAMS 0x00000000cd000000, 0x00000000cd000000| Complete 
| 209|0x00000000cd100000, 0x00000000cd200000, 0x00000000cd200000|100%| E|CS|TAMS 0x00000000cd100000, 0x00000000cd100000| Complete 
| 210|0x00000000cd200000, 0x00000000cd300000, 0x00000000cd300000|100%| E|CS|TAMS 0x00000000cd200000, 0x00000000cd200000| Complete 
| 211|0x00000000cd300000, 0x00000000cd400000, 0x00000000cd400000|100%| E|CS|TAMS 0x00000000cd300000, 0x00000000cd300000| Complete 
| 212|0x00000000cd400000, 0x00000000cd500000, 0x00000000cd500000|100%| E|CS|TAMS 0x00000000cd400000, 0x00000000cd400000| Complete 

Card table byte_map: [0x000001f5cd130000,0x000001f5cd330000] _byte_map_base: 0x000001f5ccb30000

Marking Bits (Prev, Next): (CMBitMap*) 0x000001f5b7dd9db0, (CMBitMap*) 0x000001f5b7dd9d70
 Prev Bits: [0x000001f5ce530000, 0x000001f5cf530000)
 Next Bits: [0x000001f5cd530000, 0x000001f5ce530000)

Polling page: 0x000001f5b6560000

Metaspace:

Usage:
  Non-class:     24.86 MB used.
      Class:      2.75 MB used.
       Both:     27.62 MB used.

Virtual space:
  Non-class space:       64.00 MB reserved,      25.31 MB ( 40%) committed,  1 nodes.
      Class space:        1.00 GB reserved,       3.12 MB ( <1%) committed,  1 nodes.
             Both:        1.06 GB reserved,      28.44 MB (  3%) committed. 

Chunk freelists:
   Non-Class:  1.85 MB
       Class:  837.00 KB
        Both:  2.66 MB

MaxMetaspaceSize: unlimited
CompressedClassSpaceSize: 1.00 GB
Initial GC threshold: 21.00 MB
Current GC threshold: 35.12 MB
CDS: on
MetaspaceReclaimPolicy: balanced
 - commit_granule_bytes: 65536.
 - commit_granule_words: 8192.
 - virtual_space_node_default_size: 8388608.
 - enlarge_chunks_in_place: 1.
 - new_chunks_are_fully_committed: 0.
 - uncommit_free_chunks: 1.
 - use_allocation_guard: 0.


Internal statistics:

num_allocs_failed_limit: 3.
num_arena_births: 834.
num_arena_deaths: 0.
num_vsnodes_births: 2.
num_vsnodes_deaths: 0.
num_space_committed: 455.
num_space_uncommitted: 0.
num_chunks_returned_to_freelist: 3.
num_chunks_taken_from_freelist: 2028.
num_chunk_merges: 3.
num_chunk_splits: 1271.
num_chunks_enlarged: 735.
num_inconsistent_stats: 0.

CodeHeap 'non-profiled nmethods': size=120000Kb used=3839Kb max_used=3839Kb free=116160Kb
 bounds [0x000001f5c4d70000, 0x000001f5c5130000, 0x000001f5cc2a0000]
CodeHeap 'profiled nmethods': size=120000Kb used=11474Kb max_used=11913Kb free=108525Kb
 bounds [0x000001f5bd2a0000, 0x000001f5bde50000, 0x000001f5c47d0000]
CodeHeap 'non-nmethods': size=5760Kb used=1373Kb max_used=1430Kb free=4386Kb
 bounds [0x000001f5c47d0000, 0x000001f5c4a40000, 0x000001f5c4d70000]
 total_blobs=6097 nmethods=5485 adapters=522
 compilation: enabled
              stopped_count=0, restarted_count=0
 full_count=0

Compilation events (20 events):
Event: 801.713 Thread 0x000001f5d21dafb0 nmethod 6481 0x000001f5c512f310 code [0x000001f5c512f4e0, 0x000001f5c512fa20]
Event: 826.385 Thread 0x000001f5d21e0a80 6482       3       org.eclipse.core.internal.jobs.JobManager::endJob (76 bytes)
Event: 826.479 Thread 0x000001f5d21e0a80 nmethod 6482 0x000001f5bdc76110 code [0x000001f5bdc76380, 0x000001f5bdc76fe8]
Event: 841.590 Thread 0x000001f5d21e0a80 6483   !   3       org.eclipse.core.internal.jobs.JobManager::findBlockingJob (179 bytes)
Event: 841.602 Thread 0x000001f5d21e0a80 nmethod 6483 0x000001f5bdc74090 code [0x000001f5bdc743a0, 0x000001f5bdc759a8]
Event: 862.809 Thread 0x000001f5d21e0a80 6484       3       org.eclipse.osgi.internal.container.Capabilities::findCapabilities (33 bytes)
Event: 862.822 Thread 0x000001f5d21e0a80 nmethod 6484 0x000001f5bdc73890 code [0x000001f5bdc73a80, 0x000001f5bdc73f28]
Event: 869.862 Thread 0x000001f5d21e0a80 6485       3       org.eclipse.core.internal.jobs.JobManager::delayFor (83 bytes)
Event: 869.874 Thread 0x000001f5d21e0a80 nmethod 6485 0x000001f5bdc73010 code [0x000001f5bdc73220, 0x000001f5bdc736e8]
Event: 873.916 Thread 0x000001f5d21e0a80 6486   !   3       org.eclipse.core.internal.jobs.JobManager::shouldRun (34 bytes)
Event: 873.924 Thread 0x000001f5d21e0a80 nmethod 6486 0x000001f5bdc72690 code [0x000001f5bdc728a0, 0x000001f5bdc72da8]
Event: 873.924 Thread 0x000001f5d21e0a80 6487       3       org.eclipse.core.internal.jobs.JobListeners::queueAboutToRun (17 bytes)
Event: 873.928 Thread 0x000001f5d21e0a80 nmethod 6487 0x000001f5bdc72090 code [0x000001f5bdc72260, 0x000001f5bdc72558]
Event: 877.966 Thread 0x000001f5d21e0a80 6489   !   3       org.eclipse.core.internal.jobs.JobManager::nextJob (291 bytes)
Event: 877.985 Thread 0x000001f5d21e0a80 nmethod 6489 0x000001f5bdc6e890 code [0x000001f5bdc6ed00, 0x000001f5bdc70fa8]
Event: 877.985 Thread 0x000001f5d21e0a80 6488       3       org.eclipse.core.internal.jobs.JobManager::startJob (89 bytes)
Event: 877.991 Thread 0x000001f5d21e0a80 nmethod 6488 0x000001f5bdc6d390 code [0x000001f5bdc6d640, 0x000001f5bdc6e468]
Event: 881.969 Thread 0x000001f5d21e0a80 6490   !   3       org.eclipse.core.internal.jobs.JobManager::sleepHint (67 bytes)
Event: 881.973 Thread 0x000001f5d21e0a80 nmethod 6490 0x000001f5bdc6c190 code [0x000001f5bdc6c400, 0x000001f5bdc6cef8]
Event: 882.975 Thread 0x000001f5d21dafb0 6491       4       java.util.TimSort::sort (229 bytes)

GC Heap History (20 events):
Event: 36.992 GC heap before
{Heap before GC invocations=7 (full 0):
 garbage-first heap   total 92160K, used 71215K [0x00000000c0000000, 0x0000000100000000)
  region size 1024K, 46 young (47104K), 1 survivors (1024K)
 Metaspace       used 25852K, committed 26560K, reserved 1114112K
  class space    used 2626K, committed 2944K, reserved 1048576K
}
Event: 36.999 GC heap after
{Heap after GC invocations=8 (full 0):
 garbage-first heap   total 92160K, used 33891K [0x00000000c0000000, 0x0000000100000000)
  region size 1024K, 6 young (6144K), 6 survivors (6144K)
 Metaspace       used 25852K, committed 26560K, reserved 1114112K
  class space    used 2626K, committed 2944K, reserved 1048576K
}
Event: 37.015 GC heap before
{Heap before GC invocations=8 (full 0):
 garbage-first heap   total 92160K, used 34915K [0x00000000c0000000, 0x0000000100000000)
  region size 1024K, 7 young (7168K), 6 survivors (6144K)
 Metaspace       used 25852K, committed 26560K, reserved 1114112K
  class space    used 2626K, committed 2944K, reserved 1048576K
}
Event: 37.020 GC heap after
{Heap after GC invocations=9 (full 0):
 garbage-first heap   total 92160K, used 33806K [0x00000000c0000000, 0x0000000100000000)
  region size 1024K, 1 young (1024K), 1 survivors (1024K)
 Metaspace       used 25852K, committed 26560K, reserved 1114112K
  class space    used 2626K, committed 2944K, reserved 1048576K
}
Event: 37.513 GC heap before
{Heap before GC invocations=9 (full 0):
 garbage-first heap   total 92160K, used 63502K [0x00000000c0000000, 0x0000000100000000)
  region size 1024K, 31 young (31744K), 1 survivors (1024K)
 Metaspace       used 26137K, committed 26880K, reserved 1114112K
  class space    used 2643K, committed 3008K, reserved 1048576K
}
Event: 37.522 GC heap after
{Heap after GC invocations=10 (full 0):
 garbage-first heap   total 218112K, used 40019K [0x00000000c0000000, 0x0000000100000000)
  region size 1024K, 4 young (4096K), 4 survivors (4096K)
 Metaspace       used 26137K, committed 26880K, reserved 1114112K
  class space    used 2643K, committed 3008K, reserved 1048576K
}
Event: 39.599 GC heap before
{Heap before GC invocations=10 (full 0):
 garbage-first heap   total 218112K, used 139347K [0x00000000c0000000, 0x0000000100000000)
  region size 1024K, 96 young (98304K), 4 survivors (4096K)
 Metaspace       used 27085K, committed 27968K, reserved 1114112K
  class space    used 2727K, committed 3136K, reserved 1048576K
}
Event: 39.616 GC heap after
{Heap after GC invocations=11 (full 0):
 garbage-first heap   total 218112K, used 53919K [0x00000000c0000000, 0x0000000100000000)
  region size 1024K, 12 young (12288K), 12 survivors (12288K)
 Metaspace       used 27085K, committed 27968K, reserved 1114112K
  class space    used 2727K, committed 3136K, reserved 1048576K
}
Event: 41.651 GC heap before
{Heap before GC invocations=11 (full 0):
 garbage-first heap   total 218112K, used 149151K [0x00000000c0000000, 0x0000000100000000)
  region size 1024K, 100 young (102400K), 12 survivors (12288K)
 Metaspace       used 27411K, committed 28224K, reserved 1114112K
  class space    used 2750K, committed 3136K, reserved 1048576K
}
Event: 41.664 GC heap after
{Heap after GC invocations=12 (full 0):
 garbage-first heap   total 218112K, used 64200K [0x00000000c0000000, 0x0000000100000000)
  region size 1024K, 10 young (10240K), 10 survivors (10240K)
 Metaspace       used 27411K, committed 28224K, reserved 1114112K
  class space    used 2750K, committed 3136K, reserved 1048576K
}
Event: 41.727 GC heap before
{Heap before GC invocations=12 (full 0):
 garbage-first heap   total 218112K, used 151240K [0x00000000c0000000, 0x0000000100000000)
  region size 1024K, 95 young (97280K), 10 survivors (10240K)
 Metaspace       used 27411K, committed 28224K, reserved 1114112K
  class space    used 2750K, committed 3136K, reserved 1048576K
}
Event: 41.732 GC heap after
{Heap after GC invocations=13 (full 0):
 garbage-first heap   total 218112K, used 65695K [0x00000000c0000000, 0x0000000100000000)
  region size 1024K, 2 young (2048K), 2 survivors (2048K)
 Metaspace       used 27411K, committed 28224K, reserved 1114112K
  class space    used 2750K, committed 3136K, reserved 1048576K
}
Event: 41.797 GC heap before
{Heap before GC invocations=13 (full 0):
 garbage-first heap   total 218112K, used 160927K [0x00000000c0000000, 0x0000000100000000)
  region size 1024K, 96 young (98304K), 2 survivors (2048K)
 Metaspace       used 27411K, committed 28224K, reserved 1114112K
  class space    used 2750K, committed 3136K, reserved 1048576K
}
Event: 41.799 GC heap after
{Heap after GC invocations=14 (full 0):
 garbage-first heap   total 218112K, used 64914K [0x00000000c0000000, 0x0000000100000000)
  region size 1024K, 1 young (1024K), 1 survivors (1024K)
 Metaspace       used 27411K, committed 28224K, reserved 1114112K
  class space    used 2750K, committed 3136K, reserved 1048576K
}
Event: 41.962 GC heap before
{Heap before GC invocations=14 (full 0):
 garbage-first heap   total 218112K, used 172434K [0x00000000c0000000, 0x0000000100000000)
  region size 1024K, 76 young (77824K), 1 survivors (1024K)
 Metaspace       used 27417K, committed 28224K, reserved 1114112K
  class space    used 2750K, committed 3136K, reserved 1048576K
}
Event: 41.965 GC heap after
{Heap after GC invocations=15 (full 0):
 garbage-first heap   total 218112K, used 88032K [0x00000000c0000000, 0x0000000100000000)
  region size 1024K, 2 young (2048K), 2 survivors (2048K)
 Metaspace       used 27417K, committed 28224K, reserved 1114112K
  class space    used 2750K, committed 3136K, reserved 1048576K
}
Event: 292.779 GC heap before
{Heap before GC invocations=15 (full 0):
 garbage-first heap   total 218112K, used 184288K [0x00000000c0000000, 0x0000000100000000)
  region size 1024K, 87 young (89088K), 2 survivors (2048K)
 Metaspace       used 27651K, committed 28480K, reserved 1114112K
  class space    used 2758K, committed 3136K, reserved 1048576K
}
Event: 292.789 GC heap after
{Heap after GC invocations=16 (full 0):
 garbage-first heap   total 218112K, used 81197K [0x00000000c0000000, 0x0000000100000000)
  region size 1024K, 11 young (11264K), 11 survivors (11264K)
 Metaspace       used 27651K, committed 28480K, reserved 1114112K
  class space    used 2758K, committed 3136K, reserved 1048576K
}
Event: 724.822 GC heap before
{Heap before GC invocations=16 (full 0):
 garbage-first heap   total 218112K, used 165165K [0x00000000c0000000, 0x0000000100000000)
  region size 1024K, 94 young (96256K), 11 survivors (11264K)
 Metaspace       used 28268K, committed 29056K, reserved 1114112K
  class space    used 2819K, committed 3200K, reserved 1048576K
}
Event: 724.954 GC heap after
{Heap after GC invocations=17 (full 0):
 garbage-first heap   total 218112K, used 83511K [0x00000000c0000000, 0x0000000100000000)
  region size 1024K, 2 young (2048K), 2 survivors (2048K)
 Metaspace       used 28268K, committed 29056K, reserved 1114112K
  class space    used 2819K, committed 3200K, reserved 1048576K
}

Dll operation events (10 events):
Event: 0.014 Loaded shared library C:\Users\rucke\.pydev_vscode\java19\jdk-19.0.2+7-jre\bin\java.dll
Event: 0.030 Loaded shared library C:\Users\rucke\.pydev_vscode\java19\jdk-19.0.2+7-jre\bin\jsvml.dll
Event: 0.162 Loaded shared library C:\Users\rucke\.pydev_vscode\java19\jdk-19.0.2+7-jre\bin\net.dll
Event: 0.166 Loaded shared library C:\Users\rucke\.pydev_vscode\java19\jdk-19.0.2+7-jre\bin\nio.dll
Event: 0.174 Loaded shared library C:\Users\rucke\.pydev_vscode\java19\jdk-19.0.2+7-jre\bin\zip.dll
Event: 0.410 Loaded shared library C:\Users\rucke\.pydev_vscode\java19\jdk-19.0.2+7-jre\bin\jimage.dll
Event: 1.347 Loaded shared library C:\Users\rucke\.vscode\extensions\fabioz.vscode-pydev-0.15.2\server\plugins\org.eclipse.equinox.launcher.win32.win32.x86_64_1.2.900.v20240213-1244\eclipse_11900.dll
Event: 9.624 Loaded shared library C:\Users\rucke\.vscode\extensions\fabioz.vscode-pydev-0.15.2\server\config_win\org.eclipse.osgi\13\0\.cp\os\win32\x86_64\localfile_1_0_0.dll
Event: 9.820 Loaded shared library C:\Users\rucke\.vscode\extensions\fabioz.vscode-pydev-0.15.2\server\config_win\org.eclipse.osgi\16\0\.cp\os\win32\x86_64\win32refresh.dll
Event: 37.647 Loaded shared library C:\Users\rucke\.pydev_vscode\java19\jdk-19.0.2+7-jre\bin\extnet.dll

Deoptimization events (20 events):
Event: 473.164 Thread 0x000001f5d6733b50 DEOPT PACKING pc=0x000001f5bd5626ab sp=0x000000b06b1fed90
Event: 473.164 Thread 0x000001f5d6733b50 DEOPT UNPACKING pc=0x000001f5c4837543 sp=0x000000b06b1fe220 mode 0
Event: 615.164 Thread 0x000001f5d6737070 DEOPT PACKING pc=0x000001f5bda3fbfb sp=0x000000b0699fddf0
Event: 615.177 Thread 0x000001f5d6737070 DEOPT UNPACKING pc=0x000001f5c4837543 sp=0x000000b0699fd328 mode 0
Event: 800.499 Thread 0x000001f5d6734b40 Uncommon trap: trap_request=0xffffffde fr.pc=0x000001f5c4f8affc relative=0x000000000000031c
Event: 800.499 Thread 0x000001f5d6734b40 Uncommon trap: reason=class_check action=maybe_recompile pc=0x000001f5c4f8affc method=java.io.BufferedReader.readLine(Z[Z)Ljava/lang/String; @ 6 c2
Event: 800.500 Thread 0x000001f5d6734b40 DEOPT PACKING pc=0x000001f5c4f8affc sp=0x000000b06d2fee90
Event: 800.501 Thread 0x000001f5d6734b40 DEOPT UNPACKING pc=0x000001f5c4836da3 sp=0x000000b06d2fedc8 mode 2
Event: 801.700 Thread 0x000001f5d6734b40 Uncommon trap: trap_request=0xffffffde fr.pc=0x000001f5c4f8affc relative=0x000000000000031c
Event: 801.700 Thread 0x000001f5d6734b40 Uncommon trap: reason=class_check action=maybe_recompile pc=0x000001f5c4f8affc method=java.io.BufferedReader.readLine(Z[Z)Ljava/lang/String; @ 6 c2
Event: 801.700 Thread 0x000001f5d6734b40 DEOPT PACKING pc=0x000001f5c4f8affc sp=0x000000b06d2fee90
Event: 801.700 Thread 0x000001f5d6734b40 DEOPT UNPACKING pc=0x000001f5c4836da3 sp=0x000000b06d2fedc8 mode 2
Event: 801.700 Thread 0x000001f5d6734b40 Uncommon trap: trap_request=0xffffffde fr.pc=0x000001f5c4f8affc relative=0x000000000000031c
Event: 801.700 Thread 0x000001f5d6734b40 Uncommon trap: reason=class_check action=maybe_recompile pc=0x000001f5c4f8affc method=java.io.BufferedReader.readLine(Z[Z)Ljava/lang/String; @ 6 c2
Event: 801.700 Thread 0x000001f5d6734b40 DEOPT PACKING pc=0x000001f5c4f8affc sp=0x000000b06d2fee90
Event: 801.701 Thread 0x000001f5d6734b40 DEOPT UNPACKING pc=0x000001f5c4836da3 sp=0x000000b06d2fedc8 mode 2
Event: 801.701 Thread 0x000001f5d6734b40 Uncommon trap: trap_request=0xffffffde fr.pc=0x000001f5c4f8affc relative=0x000000000000031c
Event: 801.701 Thread 0x000001f5d6734b40 Uncommon trap: reason=class_check action=maybe_recompile pc=0x000001f5c4f8affc method=java.io.BufferedReader.readLine(Z[Z)Ljava/lang/String; @ 6 c2
Event: 801.701 Thread 0x000001f5d6734b40 DEOPT PACKING pc=0x000001f5c4f8affc sp=0x000000b06d2fee90
Event: 801.701 Thread 0x000001f5d6734b40 DEOPT UNPACKING pc=0x000001f5c4836da3 sp=0x000000b06d2fedc8 mode 2

Classes loaded (20 events):
Event: 40.670 Loading class java/util/function/IntSupplier
Event: 40.671 Loading class java/util/function/IntSupplier done
Event: 40.691 Loading class java/util/zip/Deflater
Event: 40.692 Loading class java/util/zip/Deflater done
Event: 40.693 Loading class java/util/zip/Deflater$DeflaterZStreamRef
Event: 40.693 Loading class java/util/zip/Deflater$DeflaterZStreamRef done
Event: 40.695 Loading class java/io/ObjectOutputStream$BlockDataOutputStream
Event: 40.696 Loading class java/io/ObjectOutputStream$BlockDataOutputStream done
Event: 40.696 Loading class java/io/ObjectOutputStream$HandleTable
Event: 40.697 Loading class java/io/ObjectOutputStream$HandleTable done
Event: 40.697 Loading class java/io/ObjectOutputStream$ReplaceTable
Event: 40.697 Loading class java/io/ObjectOutputStream$ReplaceTable done
Event: 40.699 Loading class java/nio/charset/CharacterCodingException
Event: 40.700 Loading class java/nio/charset/CharacterCodingException done
Event: 41.145 Loading class java/lang/foreign/MemorySegment
Event: 41.146 Loading class java/lang/foreign/Addressable
Event: 41.146 Loading class java/lang/foreign/Addressable done
Event: 41.146 Loading class java/lang/foreign/MemorySegment done
Event: 800.340 Loading class java/io/FileReader
Event: 800.347 Loading class java/io/FileReader done

Classes unloaded (0 events):
No events

Classes redefined (0 events):
No events

Internal exceptions (20 events):
Event: 21.533 Thread 0x000001f5d67365d0 Exception <a 'java/lang/NoSuchMethodError'{0x00000000c3f16808}: 'long java.lang.invoke.DirectMethodHandle$Holder.invokeSpecial(java.lang.Object, java.lang.Object)'> (0x00000000c3f16808) 
thrown [s\src\hotspot\share\interpreter\linkResolver.cpp, line 774]
Event: 21.534 Thread 0x000001f5d67365d0 Exception <a 'java/lang/NoSuchMethodError'{0x00000000c3f1a160}: 'long java.lang.invoke.Invokers$Holder.invokeExact_MT(java.lang.Object, java.lang.Object)'> (0x00000000c3f1a160) 
thrown [s\src\hotspot\share\interpreter\linkResolver.cpp, line 774]
Event: 21.829 Thread 0x000001f5d67365d0 Exception <a 'java/lang/ArrayIndexOutOfBoundsException'{0x00000000c3c55730}: Index 1336 out of bounds for length 1336> (0x00000000c3c55730) 
thrown [s\src\hotspot\share\interpreter\interpreterRuntime.cpp, line 432]
Event: 21.954 Thread 0x000001f5d67365d0 Exception <a 'java/lang/ArrayIndexOutOfBoundsException'{0x00000000c3cbaf88}> (0x00000000c3cbaf88) 
thrown [s\src\hotspot\share\runtime\sharedRuntime.cpp, line 630]
Event: 22.047 Thread 0x000001f5d67365d0 Exception <a 'java/lang/ArrayIndexOutOfBoundsException'{0x00000000c3cfe9c0}> (0x00000000c3cfe9c0) 
thrown [s\src\hotspot\share\runtime\sharedRuntime.cpp, line 630]
Event: 24.448 Thread 0x000001f5d6733600 Exception <a 'java/lang/NoSuchMethodError'{0x00000000c4ba4cf8}: 'java.lang.Object java.lang.invoke.DirectMethodHandle$Holder.invokeStatic(java.lang.Object, int, java.lang.Object)'> (0x00000000c4ba4cf8) 
thrown [s\src\hotspot\share\interpreter\linkResolver.cpp, line 774]
Event: 24.462 Thread 0x000001f5d6733600 Exception <a 'java/lang/ClassNotFoundException'{0x00000000c2626330}: sun/util/logging/resources/spi/loggingProvider> (0x00000000c2626330) 
thrown [s\src\hotspot\share\classfile\systemDictionary.cpp, line 255]
Event: 26.305 Thread 0x000001f5d6733600 Exception <a 'java/lang/IncompatibleClassChangeError'{0x00000000c2637b20}: Found class java.lang.Object, but interface was expected> (0x00000000c2637b20) 
thrown [s\src\hotspot\share\interpreter\linkResolver.cpp, line 841]
Event: 31.221 Thread 0x000001f5d6bb0b40 Implicit null exception at 0x000001f5c4ea6331 to 0x000001f5c4ea6cb0
Event: 37.599 Thread 0x000001f5d67385b0 Implicit null exception at 0x000001f5c4f10313 to 0x000001f5c4f104e0
Event: 51.589 Thread 0x000001f5d6733600 Exception <a 'java/lang/IncompatibleClassChangeError'{0x00000000c9b2b5e8}: Found class java.lang.Object, but interface was expected> (0x00000000c9b2b5e8) 
thrown [s\src\hotspot\share\interpreter\linkResolver.cpp, line 841]
Event: 156.331 Thread 0x000001f5d67365d0 Exception <a 'java/io/FileNotFoundException'{0x00000000ca2f7f90}> (0x00000000ca2f7f90) 
thrown [s\src\hotspot\share\prims\jni.cpp, line 517]
Event: 156.332 Thread 0x000001f5d67365d0 Exception <a 'java/io/FileNotFoundException'{0x00000000ca2f8f58}> (0x00000000ca2f8f58) 
thrown [s\src\hotspot\share\prims\jni.cpp, line 517]
Event: 156.332 Thread 0x000001f5d67365d0 Exception <a 'java/io/FileNotFoundException'{0x00000000ca2f9ca0}> (0x00000000ca2f9ca0) 
thrown [s\src\hotspot\share\prims\jni.cpp, line 517]
Event: 294.852 Thread 0x000001f5d6733600 Exception <a 'java/lang/NoSuchMethodError'{0x00000000cd0019c8}: 'java.lang.Object java.lang.invoke.DirectMethodHandle$Holder.invokeVirtual(java.lang.Object, java.lang.Object, java.lang.Object)'> (0x00000000cd0019c8) 
thrown [s\src\hotspot\share\interpreter\linkResolver.cpp, line 774]
Event: 295.173 Thread 0x000001f5d6733600 Exception <a 'java/lang/IncompatibleClassChangeError'{0x00000000cd016c58}: Found class java.lang.Object, but interface was expected> (0x00000000cd016c58) 
thrown [s\src\hotspot\share\interpreter\linkResolver.cpp, line 841]
Event: 295.176 Thread 0x000001f5d6733600 Exception <a 'java/lang/NoSuchMethodError'{0x00000000cd0b3dd0}: 'java.lang.Object java.lang.invoke.DirectMethodHandle$Holder.newInvokeSpecial(java.lang.Object, java.lang.Object, java.lang.Object, java.lang.Object, java.lang.Object, java.lang.Object, java.lang.Object, java.lang.Object)'> (0x00000000cd0b3dd0) 
thrown [s\src\hotspot\share\interpreter\linkResolver.cpp, line 774]
Event: 295.194 Thread 0x000001f5d67345f0 Exception <a 'java/lang/NoSuchMethodError'{0x00000000ccf01208}: 'int java.lang.invoke.DirectMethodHandle$Holder.invokeSpecialIFC(java.lang.Object, java.lang.Object, java.lang.Object, java.lang.Object)'> (0x00000000ccf01208) 
thrown [s\src\hotspot\share\interpreter\linkResolver.cpp, line 774]
Event: 411.744 Thread 0x000001f5d6733600 Exception <a 'java/lang/IncompatibleClassChangeError'{0x00000000cc4c6c00}: Found class java.lang.Object, but interface was expected> (0x00000000cc4c6c00) 
thrown [s\src\hotspot\share\interpreter\linkResolver.cpp, line 841]
Event: 799.204 Thread 0x000001f5d6734b40 Exception <a 'java/io/IOException'{0x00000000cbad6620}: CreateProcess error=1455, The paging file is too small for this operation to complete> (0x00000000cbad6620) 
thrown [s\src\hotspot\share\prims\jni.cpp, line 536]

VM Operations (20 events):
Event: 627.980 Executing VM operation: Cleanup
Event: 627.980 Executing VM operation: Cleanup done
Event: 633.983 Executing VM operation: Cleanup
Event: 633.983 Executing VM operation: Cleanup done
Event: 662.000 Executing VM operation: Cleanup
Event: 662.001 Executing VM operation: Cleanup done
Event: 718.034 Executing VM operation: Cleanup
Event: 718.043 Executing VM operation: Cleanup done
Event: 724.819 Executing VM operation: G1CollectForAllocation
Event: 724.955 Executing VM operation: G1CollectForAllocation done
Event: 745.966 Executing VM operation: Cleanup
Event: 745.966 Executing VM operation: Cleanup done
Event: 800.492 Executing VM operation: HandshakeAllThreads
Event: 800.499 Executing VM operation: HandshakeAllThreads done
Event: 801.500 Executing VM operation: Cleanup
Event: 801.501 Executing VM operation: Cleanup done
Event: 803.501 Executing VM operation: Cleanup
Event: 803.502 Executing VM operation: Cleanup done
Event: 882.542 Executing VM operation: Cleanup
Event: 882.542 Executing VM operation: Cleanup done

Events (20 events):
Event: 417.440 Thread 0x000001f5d21e2be0 Thread exited: 0x000001f5d21e2be0
Event: 417.444 Thread 0x000001f5d21e2650 Thread exited: 0x000001f5d21e2650
Event: 460.157 Thread 0x000001f5d21e15a0 Thread added: 0x000001f5d21e15a0
Event: 460.270 Thread 0x000001f5d21e15a0 Thread exited: 0x000001f5d21e15a0
Event: 472.525 Thread 0x000001f5d67345f0 Thread added: 0x000001f5d67345f0
Event: 472.526 Thread 0x000001f5d67345f0 Thread exited: 0x000001f5d67345f0
Event: 472.753 Thread 0x000001f5d67345f0 Thread added: 0x000001f5d67345f0
Event: 472.759 Thread 0x000001f5d67345f0 Thread exited: 0x000001f5d67345f0
Event: 472.813 Thread 0x000001f5d21e3170 Thread added: 0x000001f5d21e3170
Event: 472.813 Thread 0x000001f5d21e20c0 Thread added: 0x000001f5d21e20c0
Event: 472.860 Thread 0x000001f5d67345f0 Thread added: 0x000001f5d67345f0
Event: 472.893 Thread 0x000001f5d67345f0 Thread exited: 0x000001f5d67345f0
Event: 473.113 Thread 0x000001f5d21e20c0 Thread exited: 0x000001f5d21e20c0
Event: 473.130 Thread 0x000001f5d67345f0 Thread added: 0x000001f5d67345f0
Event: 473.133 Thread 0x000001f5d67345f0 Thread exited: 0x000001f5d67345f0
Event: 478.171 Thread 0x000001f5d21e3170 Thread exited: 0x000001f5d21e3170
Event: 529.081 Thread 0x000001f5d6737b10 Thread exited: 0x000001f5d6737b10
Event: 589.095 Thread 0x000001f5d6736b20 Thread exited: 0x000001f5d6736b20
Event: 615.243 Thread 0x000001f5d67345f0 Thread added: 0x000001f5d67345f0
Event: 615.252 Thread 0x000001f5d67345f0 Thread exited: 0x000001f5d67345f0


Dynamic libraries:
0x00007ff641450000 - 0x00007ff64145e000 	C:\Users\rucke\.pydev_vscode\java19\jdk-19.0.2+7-jre\bin\java.exe
0x00007ffbdbca0000 - 0x00007ffbdbf06000 	C:\WINDOWS\SYSTEM32\ntdll.dll
0x00007ffbd9b70000 - 0x00007ffbd9c39000 	C:\WINDOWS\System32\KERNEL32.DLL
0x00007ffbd9460000 - 0x00007ffbd982c000 	C:\WINDOWS\System32\KERNELBASE.dll
0x00007ffbd90f0000 - 0x00007ffbd923b000 	C:\WINDOWS\System32\ucrtbase.dll
0x00007ffba6780000 - 0x00007ffba6799000 	C:\Users\rucke\.pydev_vscode\java19\jdk-19.0.2+7-jre\bin\VCRUNTIME140.dll
0x00007ffba3760000 - 0x00007ffba3777000 	C:\Users\rucke\.pydev_vscode\java19\jdk-19.0.2+7-jre\bin\jli.dll
0x00007ffbdaf20000 - 0x00007ffbdb0ea000 	C:\WINDOWS\System32\USER32.dll
0x00007ffbc2a80000 - 0x00007ffbc2d1a000 	C:\WINDOWS\WinSxS\amd64_microsoft.windows.common-controls_6595b64144ccf1df_6.0.26100.3863_none_3e0c810ae330ab81\COMCTL32.dll
0x00007ffbd9240000 - 0x00007ffbd9267000 	C:\WINDOWS\System32\win32u.dll
0x00007ffbd9aa0000 - 0x00007ffbd9b49000 	C:\WINDOWS\System32\msvcrt.dll
0x00007ffbdb2a0000 - 0x00007ffbdb2cb000 	C:\WINDOWS\System32\GDI32.dll
0x00007ffbd8fb0000 - 0x00007ffbd90e2000 	C:\WINDOWS\System32\gdi32full.dll
0x00007ffbd99b0000 - 0x00007ffbd9a53000 	C:\WINDOWS\System32\msvcp_win.dll
0x00007ffbd9a60000 - 0x00007ffbd9a90000 	C:\WINDOWS\System32\IMM32.DLL
0x00007ffbd1360000 - 0x00007ffbd136c000 	C:\Users\rucke\.pydev_vscode\java19\jdk-19.0.2+7-jre\bin\vcruntime140_1.dll
0x00007ffb7dc50000 - 0x00007ffb7dce1000 	C:\Users\rucke\.pydev_vscode\java19\jdk-19.0.2+7-jre\bin\msvcp140.dll
0x00007ffb77490000 - 0x00007ffb78181000 	C:\Users\rucke\.pydev_vscode\java19\jdk-19.0.2+7-jre\bin\server\jvm.dll
0x00007ffbda100000 - 0x00007ffbda1b3000 	C:\WINDOWS\System32\ADVAPI32.dll
0x00007ffbdb1f0000 - 0x00007ffbdb296000 	C:\WINDOWS\System32\sechost.dll
0x00007ffbd9fe0000 - 0x00007ffbda0f6000 	C:\WINDOWS\System32\RPCRT4.dll
0x00007ffbd19f0000 - 0x00007ffbd19fb000 	C:\WINDOWS\SYSTEM32\VERSION.dll
0x00007ffba1800000 - 0x00007ffba180a000 	C:\WINDOWS\SYSTEM32\WSOCK32.dll
0x00007ffbda1d0000 - 0x00007ffbda244000 	C:\WINDOWS\System32\WS2_32.dll
0x00007ffbcf8e0000 - 0x00007ffbcf916000 	C:\WINDOWS\SYSTEM32\WINMM.dll
0x00007ffbd7bf0000 - 0x00007ffbd7c0a000 	C:\WINDOWS\SYSTEM32\kernel.appcore.dll
0x00007ffba1580000 - 0x00007ffba158a000 	C:\Users\rucke\.pydev_vscode\java19\jdk-19.0.2+7-jre\bin\jimage.dll
0x00007ffbcc710000 - 0x00007ffbcc951000 	C:\WINDOWS\SYSTEM32\DBGHELP.DLL
0x00007ffbd9c50000 - 0x00007ffbd9fd4000 	C:\WINDOWS\System32\combase.dll
0x00007ffbdab00000 - 0x00007ffbdabe0000 	C:\WINDOWS\System32\OLEAUT32.dll
0x00007ffbbebb0000 - 0x00007ffbbebe9000 	C:\WINDOWS\SYSTEM32\dbgcore.DLL
0x00007ffbd9270000 - 0x00007ffbd9309000 	C:\WINDOWS\System32\bcryptPrimitives.dll
0x00007ffb9c560000 - 0x00007ffb9c586000 	C:\Users\rucke\.pydev_vscode\java19\jdk-19.0.2+7-jre\bin\java.dll
0x00007ffb7db70000 - 0x00007ffb7dc46000 	C:\Users\rucke\.pydev_vscode\java19\jdk-19.0.2+7-jre\bin\jsvml.dll
0x00007ffbda2d0000 - 0x00007ffbda9fd000 	C:\WINDOWS\System32\SHELL32.dll
0x00007ffbd9830000 - 0x00007ffbd99a4000 	C:\WINDOWS\System32\wintypes.dll
0x00007ffbd6a90000 - 0x00007ffbd72e6000 	C:\WINDOWS\SYSTEM32\windows.storage.dll
0x00007ffbdb850000 - 0x00007ffbdb93f000 	C:\WINDOWS\System32\SHCORE.dll
0x00007ffbdb0f0000 - 0x00007ffbdb159000 	C:\WINDOWS\System32\shlwapi.dll
0x00007ffbd8d40000 - 0x00007ffbd8d6f000 	C:\WINDOWS\SYSTEM32\profapi.dll
0x00007ffb7e5e0000 - 0x00007ffb7e5f3000 	C:\Users\rucke\.pydev_vscode\java19\jdk-19.0.2+7-jre\bin\net.dll
0x00007ffbd05c0000 - 0x00007ffbd06de000 	C:\WINDOWS\SYSTEM32\WINHTTP.dll
0x00007ffbd8160000 - 0x00007ffbd81ca000 	C:\WINDOWS\system32\mswsock.dll
0x00007ffb7e5c0000 - 0x00007ffb7e5d6000 	C:\Users\rucke\.pydev_vscode\java19\jdk-19.0.2+7-jre\bin\nio.dll
0x00007ffb7db50000 - 0x00007ffb7db68000 	C:\Users\rucke\.pydev_vscode\java19\jdk-19.0.2+7-jre\bin\zip.dll
0x00007ffb7da90000 - 0x00007ffb7dace000 	C:\Users\rucke\.vscode\extensions\fabioz.vscode-pydev-0.15.2\server\plugins\org.eclipse.equinox.launcher.win32.win32.x86_64_1.2.900.v20240213-1244\eclipse_11900.dll
0x00007ffbdad60000 - 0x00007ffbdaeff000 	C:\WINDOWS\System32\ole32.dll
0x0000000180000000 - 0x0000000180012000 	C:\Users\rucke\.vscode\extensions\fabioz.vscode-pydev-0.15.2\server\config_win\org.eclipse.osgi\13\0\.cp\os\win32\x86_64\localfile_1_0_0.dll
0x00007ffb771a0000 - 0x00007ffb771bb000 	C:\Users\rucke\.vscode\extensions\fabioz.vscode-pydev-0.15.2\server\config_win\org.eclipse.osgi\16\0\.cp\os\win32\x86_64\win32refresh.dll
0x00007ffbd8420000 - 0x00007ffbd842c000 	C:\WINDOWS\SYSTEM32\CRYPTBASE.DLL
0x00007ffb99970000 - 0x00007ffb99978000 	C:\Users\rucke\.pydev_vscode\java19\jdk-19.0.2+7-jre\bin\extnet.dll

dbghelp: loaded successfully - version: 4.0.5 - missing functions: none
symbol engine: initialized successfully - sym options: 0x614 - pdb path: .;C:\Users\rucke\.pydev_vscode\java19\jdk-19.0.2+7-jre\bin;C:\WINDOWS\SYSTEM32;C:\WINDOWS\WinSxS\amd64_microsoft.windows.common-controls_6595b64144ccf1df_6.0.26100.3863_none_3e0c810ae330ab81;C:\Users\rucke\.pydev_vscode\java19\jdk-19.0.2+7-jre\bin\server;C:\Users\rucke\.vscode\extensions\fabioz.vscode-pydev-0.15.2\server\plugins\org.eclipse.equinox.launcher.win32.win32.x86_64_1.2.900.v20240213-1244;C:\Users\rucke\.vscode\extensions\fabioz.vscode-pydev-0.15.2\server\config_win\org.eclipse.osgi\13\0\.cp\os\win32\x86_64;C:\Users\rucke\.vscode\extensions\fabioz.vscode-pydev-0.15.2\server\config_win\org.eclipse.osgi\16\0\.cp\os\win32\x86_64

VM Arguments:
jvm_args: --add-modules=ALL-SYSTEM --add-opens=java.base/java.util=ALL-UNNAMED --add-opens=java.base/java.lang=ALL-UNNAMED -Declipse.application=org.python.pydev.pydev_lsp.application -Dosgi.bundles.defaultStartLevel=4 -Declipse.product=org.python.pydev.pydev_lsp.product -Xmx1G -XX:+UseG1GC -XX:+UseStringDeduplication 
java_command: c:\Users\rucke\.vscode\extensions\fabioz.vscode-pydev-0.15.2\server\plugins\org.eclipse.equinox.launcher_1.6.700.v20240213-1244.jar -configuration c:\Users\rucke\.vscode\extensions\fabioz.vscode-pydev-0.15.2\server\config_win -data c:\Users\rucke\AppData\Roaming\Code\User\workspaceStorage\071a42ecfec03e12a70c41532f76e50c\fabioz.vscode-pydev\pydev_ws
java_class_path (initial): c:\Users\rucke\.vscode\extensions\fabioz.vscode-pydev-0.15.2\server\plugins\org.eclipse.equinox.launcher_1.6.700.v20240213-1244.jar
Launcher Type: SUN_STANDARD

[Global flags]
     intx CICompilerCount                          = 4                                         {product} {ergonomic}
     uint ConcGCThreads                            = 3                                         {product} {ergonomic}
     uint G1ConcRefinementThreads                  = 10                                        {product} {ergonomic}
   size_t G1HeapRegionSize                         = 1048576                                   {product} {ergonomic}
    uintx GCDrainStackTargetSize                   = 64                                        {product} {ergonomic}
   size_t InitialHeapSize                          = 125829120                                 {product} {ergonomic}
   size_t MarkStackSize                            = 4194304                                   {product} {ergonomic}
   size_t MaxHeapSize                              = 1073741824                                {product} {command line}
   size_t MaxNewSize                               = 643825664                                 {product} {ergonomic}
   size_t MinHeapDeltaBytes                        = 1048576                                   {product} {ergonomic}
   size_t MinHeapSize                              = 8388608                                   {product} {ergonomic}
    uintx NonNMethodCodeHeapSize                   = 5839372                                {pd product} {ergonomic}
    uintx NonProfiledCodeHeapSize                  = 122909434                              {pd product} {ergonomic}
    uintx ProfiledCodeHeapSize                     = 122909434                              {pd product} {ergonomic}
    uintx ReservedCodeCacheSize                    = 251658240                              {pd product} {ergonomic}
     bool SegmentedCodeCache                       = true                                      {product} {ergonomic}
   size_t SoftMaxHeapSize                          = 1073741824                             {manageable} {ergonomic}
     bool UseCompressedClassPointers               = true                           {product lp64_product} {ergonomic}
     bool UseCompressedOops                        = true                           {product lp64_product} {ergonomic}
     bool UseG1GC                                  = true                                      {product} {command line}
     bool UseLargePagesIndividualAllocation        = false                                  {pd product} {ergonomic}
     bool UseStringDeduplication                   = true                                      {product} {command line}

Logging:
Log output configuration:
 #0: stdout all=warning uptime,level,tags foldmultilines=false
 #1: stderr all=off uptime,level,tags foldmultilines=false

Environment Variables:
PATH=C:\Python312\Scripts\;C:\Python312\;C:\Program Files\Common Files\Oracle\Java\javapath;C:\WINDOWS\system32;C:\WINDOWS;C:\WINDOWS\System32\Wbem;C:\WINDOWS\System32\WindowsPowerShell\v1.0\;C:\WINDOWS\System32\OpenSSH\;C:\ProgramData\chocolatey\bin;C:\Program Files\Microsoft SQL Server\150\Tools\Binn\;C:\Users\rucke\Downloads\platform-tools;C:\Users\rucke\CUsersruckeDownloadsplatform-tools;C:\Program Files\Git\cmd;C:\Program Files\Amazon\AWSCLIV2\;C:\Program Files\nodejs\;C:\Program Files\GitHub CLI\;C:\Users\rucke\.console-ninja\.bin;C:\Users\rucke\AppData\Local\Programs\Python\Python313\Scripts\;C:\Users\rucke\AppData\Local\Programs\Python\Python313\;C:\Python312\Scripts\;C:\Python312\;C:\Program Files\Common Files\Oracle\Java\javapath;C:\WINDOWS\system32;C:\WINDOWS;C:\WINDOWS\System32\Wbem;C:\WINDOWS\System32\WindowsPowerShell\v1.0\;C:\WINDOWS\System32\OpenSSH\;C:\ProgramData\chocolatey\bin;C:\Program Files\Microsoft SQL Server\150\Tools\Binn\;C:\Users\rucke\Downloads\platform-tools;C:\Users\rucke\CUsersruckeDownloadsplatform-tools;C:\Program Files\Git\cmd;C:\Program Files\Amazon\AWSCLIV2\;C:\Program Files\Microsoft SQL Server\Client SDK\ODBC\170\Tools\Binn\;C:\Program Files\dotnet\;C:\Program Files\nodejs\;C:\Program Files\GitHub CLI\;C:\Users\rucke\AppData\Local\Programs\Python\Python313\Scripts\;C:\Users\rucke\AppData\Local\Programs\Python\Python313\;C:\Python312\Scripts\;C:\Python312\;C:\Program Files\Common Files\Oracle\Java\javapath;C:\WINDOWS\system32;C:\WINDOWS;C:\WINDOWS\System32\Wbem;C:\WINDOWS\System32\WindowsPowerShell\v1.0\;C:\WINDOWS\System32\OpenSSH\;C:\ProgramData\chocolatey\bin;C:\Program Files\Microsoft SQL Server\150\Tools\Binn\;C:\Users\rucke\Downloads\platform-tools;C:\Users\rucke\CUsersruckeDownloadsplatform-tools;C:\Program Files\Git\cmd;C:\Program Files\Amazon\AWSCLIV2\;C:\Program Files\Microsoft SQL Server\Client SDK\ODBC\170\Tools\Binn\;C:\Program Files\dotnet\;C:\Program Files\nodejs\;C:\Program Files\GitHub CLI\;C:\Users\rucke\AppData\Local\Packages\PythonSoftwareFoundation.Python.3.12_qbz5n2kfra8p0\LocalCache\local-packages\Python312\Scripts;C:\Users\rucke\AppData\Roaming\Python\Python312\Scripts;C:\Users\rucke\AppData\Local\GitHubDesktop\bin;C:\Users\rucke\AppData\Local\Microsoft\WindowsApps;C:\Users\rucke\.dotnet\tools;C:\Users\rucke\AppData\Local\Packages\PythonSoftwareFoundation.Python.3.12_qbz5n2kfra8p0\LocalCache\local-packages\Python312\Scripts;C:\Users\rucke\AppData\Roaming\Python\Python312\Scripts;C:\Users\rucke\AppData\Local\GitHubDesktop\bin;C:\Users\rucke\AppData\Local\Microsoft\WindowsApps;C:\Users\rucke\.dotnet\tools;C:\Users\rucke\AppData\Local\Programs\Microsoft VS Code\bin
USERNAME=rucke
OS=Windows_NT
PROCESSOR_IDENTIFIER=AMD64 Family 23 Model 96 Stepping 1, AuthenticAMD
TMP=C:\Users\rucke\AppData\Local\Temp
TEMP=C:\Users\rucke\AppData\Local\Temp



---------------  S Y S T E M  ---------------

OS:
 Windows 11 , 64 bit Build 26100 (10.0.26100.3863)
OS uptime: 0 days 0:57 hours
Hyper-V role detected

CPU: total 12 (initial active 12) (12 cores per cpu, 2 threads per core) family 23 model 96 stepping 1 microcode 0x8600106, cx8, cmov, fxsr, ht, mmx, 3dnowpref, sse, sse2, sse3, ssse3, sse4a, sse4.1, sse4.2, popcnt, lzcnt, tsc, tscinvbit, avx, avx2, aes, clmul, bmi1, bmi2, adx, sha, fma, vzeroupper, clflush, clflushopt, hv, rdtscp, rdpid

Memory: 4k page, system-wide physical 7598M (283M free)
TotalPageFile size 31150M (AvailPageFile size 1M)
current process WorkingSet (physical memory assigned to process): 38M, peak: 375M
current process commit charge ("private bytes"): 374M, peak: 453M

vm_info: OpenJDK 64-Bit Server VM (19.0.2+7) for windows-amd64 JRE (19.0.2+7), built on 2023-01-17T00:00:00Z by "temurin" with MS VC++ 16.7 (VS2019)

END.
